#
# A fatal error has been detected by the Java Runtime Environment:
#
#  EXCEPTION_ACCESS_VIOLATION (0xc0000005) at pc=0x00000000771411c2, pid=236, tid=0x00000000000045fc
#
# JRE version: Java(TM) SE Runtime Environment (8.0_121-b13) (build 1.8.0_121-b13)
# Java VM: Java HotSpot(TM) 64-Bit Server VM (25.121-b13 mixed mode windows-amd64 compressed oops)
# Problematic frame:
# C  0x00000000771411c2
#
# Failed to write core dump. Minidumps are not enabled by default on client versions of Windows
#
# If you would like to submit a bug report, please visit:
#   http://bugreport.java.com/bugreport/crash.jsp
# The crash happened outside the Java Virtual Machine in native code.
# See problematic frame for where to report the bug.
#

---------------  T H R E A D  ---------------

Current thread (0x0000000019ef7800):  JavaThread "AWT-EventQueue-0" [_thread_in_native, id=17916, stack(0x000000001afb0000,0x000000001b0b0000)]

siginfo: ExceptionCode=0xc0000005, ExceptionInformation=0x0000000000000008 0x00000000771411c2

Registers:
RAX=0x00000000771411c2, RBX=0x0000000019ef79f8, RCX=0x0000000019ef79f8, RDX=0x0000000019f7c770
RSP=0x000000001b0a8128, RBP=0x000000001b0a8201, RSI=0x000000001b0ac650, RDI=0x0000000019f7c770
R8 =0x0000000000000042, R9 =0x00000000a3777220, R10=0x0000000000000012, R11=0x0000000072a2d358
R12=0x000000001b0ac650, R13=0x000000001b0ac638, R14=0x000000001b0ac648, R15=0x0000000000000397
RIP=0x00000000771411c2, EFLAGS=0x0000000000010202

Top of Stack: (sp=0x000000001b0a8128)
0x000000001b0a8128:   0000000071acbf65 000000001b0a8320
0x000000001b0a8138:   000000001a10a610 0000000000000078
0x000000001b0a8148:   000000024aaaaaaa 0000000019ef79f8
0x000000001b0a8158:   0000000071ad1907 0000000071ba21a8
0x000000001b0a8168:   000000001b0a8260 000000001b0ac640
0x000000001b0a8178:   000000abd333331b 0000000400000000
0x000000001b0a8188:   000000ab00000078 0000000000000001
0x000000001b0a8198:   000000001b0a8280 0000000000001378
0x000000001b0a81a8:   0000000071ba5b38 00000000000006b8
0x000000001b0a81b8:   000000001ae8ae80 000000011ae8ae60
0x000000001b0a81c8:   000000001673f280 0000000016aeedc8
0x000000001b0a81d8:   0000000000000000 0000080000000163
0x000000001b0a81e8:   000000001a10a610 000000001b0ac630
0x000000001b0a81f8:   000000001b0aa440 0000000019f5a9e0
0x000000001b0a8208:   000000b02cccccb4 000000001ae17910
0x000000001b0a8218:   0000000071a8fa30 0000000459999999 

Instructions: (pc=0x00000000771411c2)
0x00000000771411a2:   
[error occurred during error reporting (printing registers, top of stack, instructions near pc), id 0xc0000005]

Register to memory mapping:

RAX=0x00000000771411c2 is an unknown value
RBX=0x0000000019ef79f8 is an unknown value
RCX=0x0000000019ef79f8 is an unknown value
RDX=0x0000000019f7c770 is an unknown value
RSP=0x000000001b0a8128 is pointing into the stack for thread: 0x0000000019ef7800
RBP=0x000000001b0a8201 is pointing into the stack for thread: 0x0000000019ef7800
RSI=0x000000001b0ac650 is pointing into the stack for thread: 0x0000000019ef7800
RDI=0x0000000019f7c770 is an unknown value
R8 =0x0000000000000042 is an unknown value
R9 =0x00000000a3777220 is an oop
sun.awt.image.BufImgSurfaceData 
 - klass: 'sun/awt/image/BufImgSurfaceData'
R10=0x0000000000000012 is an unknown value
R11=0x0000000072a2d358 is an unknown value
R12=0x000000001b0ac650 is pointing into the stack for thread: 0x0000000019ef7800
R13=0x000000001b0ac638 is pointing into the stack for thread: 0x0000000019ef7800
R14=0x000000001b0ac648 is pointing into the stack for thread: 0x0000000019ef7800
R15=0x0000000000000397 is an unknown value


Stack: [0x000000001afb0000,0x000000001b0b0000],  sp=0x000000001b0a8128,  free space=992k
Native frames: (J=compiled Java code, j=interpreted, Vv=VM code, C=native code)
C  0x00000000771411c2

Java frames: (J=compiled Java code, j=interpreted, Vv=VM code)
j  sun.java2d.loops.TransformHelper.Transform(Lsun/java2d/loops/MaskBlit;Lsun/java2d/SurfaceData;Lsun/java2d/SurfaceData;Ljava/awt/Composite;Lsun/java2d/pipe/Region;Ljava/awt/geom/AffineTransform;IIIIIIIII[III)V+0
j  sun.java2d.pipe.DrawImage.renderImageXform(Lsun/java2d/SunGraphics2D;Ljava/awt/Image;Ljava/awt/geom/AffineTransform;IIIIILjava/awt/Color;)V+542
j  sun.java2d.pipe.DrawImage.transformImage(Lsun/java2d/SunGraphics2D;Ljava/awt/Image;Ljava/awt/geom/AffineTransform;IIIIILjava/awt/Color;)V+120
j  sun.java2d.pipe.DrawImage.scaleImage(Lsun/java2d/SunGraphics2D;Ljava/awt/Image;IIIILjava/awt/Color;)Z+181
j  sun.java2d.pipe.DrawImage.scaleImage(Lsun/java2d/SunGraphics2D;Ljava/awt/Image;IIIILjava/awt/Color;Ljava/awt/image/ImageObserver;)Z+19
j  sun.java2d.SunGraphics2D.drawImage(Ljava/awt/Image;IIIILjava/awt/Color;Ljava/awt/image/ImageObserver;)Z+114
j  sun.java2d.SunGraphics2D.drawImage(Ljava/awt/Image;IIIILjava/awt/image/ImageObserver;)Z+11
j  view.GUI$DrawingArea.paintComponent(Ljava/awt/Graphics;)V+428
j  javax.swing.JComponent.paint(Ljava/awt/Graphics;)V+286
j  javax.swing.JComponent.paintToOffscreen(Ljava/awt/Graphics;IIIIII)V+41
j  javax.swing.RepaintManager$PaintManager.paintDoubleBuffered(Ljavax/swing/JComponent;Ljava/awt/Image;Ljava/awt/Graphics;IIII)V+163
j  javax.swing.RepaintManager$PaintManager.paint(Ljavax/swing/JComponent;Ljavax/swing/JComponent;Ljava/awt/Graphics;IIII)Z+116
j  javax.swing.RepaintManager.paint(Ljavax/swing/JComponent;Ljavax/swing/JComponent;Ljava/awt/Graphics;IIII)V+51
j  javax.swing.JComponent._paintImmediately(IIII)V+683
j  javax.swing.JComponent.paintImmediately(IIII)V+138
j  javax.swing.RepaintManager$4.run()Ljava/lang/Void;+81
j  javax.swing.RepaintManager$4.run()Ljava/lang/Object;+1
v  ~StubRoutines::call_stub
J 1087  java.security.AccessController.doPrivileged(Ljava/security/PrivilegedAction;Ljava/security/AccessControlContext;)Ljava/lang/Object; (0 bytes) @ 0x0000000003615466 [0x0000000003615400+0x66]
J 1093 C1 java.security.ProtectionDomain$JavaSecurityAccessImpl.doIntersectionPrivilege(Ljava/security/PrivilegedAction;Ljava/security/AccessControlContext;Ljava/security/AccessControlContext;)Ljava/lang/Object; (22 bytes) @ 0x0000000003618f6c [0x0000000003618b00+0x46c]
j  javax.swing.RepaintManager.paintDirtyRegions(Ljava/util/Map;)V+154
j  javax.swing.RepaintManager.paintDirtyRegions()V+46
j  javax.swing.RepaintManager.prePaintDirtyRegions()V+73
j  javax.swing.RepaintManager.access$1200(Ljavax/swing/RepaintManager;)V+1
j  javax.swing.RepaintManager$ProcessingRunnable.run()V+37
j  java.awt.event.InvocationEvent.dispatch()V+47
j  java.awt.EventQueue.dispatchEventImpl(Ljava/awt/AWTEvent;Ljava/lang/Object;)V+21
j  java.awt.EventQueue.access$500(Ljava/awt/EventQueue;Ljava/awt/AWTEvent;Ljava/lang/Object;)V+3
j  java.awt.EventQueue$3.run()Ljava/lang/Void;+32
j  java.awt.EventQueue$3.run()Ljava/lang/Object;+1
v  ~StubRoutines::call_stub
J 1087  java.security.AccessController.doPrivileged(Ljava/security/PrivilegedAction;Ljava/security/AccessControlContext;)Ljava/lang/Object; (0 bytes) @ 0x0000000003615466 [0x0000000003615400+0x66]
J 1093 C1 java.security.ProtectionDomain$JavaSecurityAccessImpl.doIntersectionPrivilege(Ljava/security/PrivilegedAction;Ljava/security/AccessControlContext;Ljava/security/AccessControlContext;)Ljava/lang/Object; (22 bytes) @ 0x0000000003618f6c [0x0000000003618b00+0x46c]
j  java.awt.EventQueue.dispatchEvent(Ljava/awt/AWTEvent;)V+46
j  java.awt.EventDispatchThread.pumpOneEventForFilters(I)V+245
j  java.awt.EventDispatchThread.pumpEventsForFilter(ILjava/awt/Conditional;Ljava/awt/EventFilter;)V+35
j  java.awt.EventDispatchThread.pumpEventsForHierarchy(ILjava/awt/Conditional;Ljava/awt/Component;)V+11
j  java.awt.EventDispatchThread.pumpEvents(ILjava/awt/Conditional;)V+4
j  java.awt.EventDispatchThread.pumpEvents(Ljava/awt/Conditional;)V+3
j  java.awt.EventDispatchThread.run()V+9
v  ~StubRoutines::call_stub

---------------  P R O C E S S  ---------------

Java Threads: ( => current thread )
  0x0000000019f54800 JavaThread "TimerQueue" daemon [_thread_blocked, id=17600, stack(0x000000001b9f0000,0x000000001baf0000)]
=>0x0000000019ef7800 JavaThread "AWT-EventQueue-0" [_thread_in_native, id=17916, stack(0x000000001afb0000,0x000000001b0b0000)]
  0x0000000019238000 JavaThread "AWT-Windows" daemon [_thread_in_native, id=19836, stack(0x000000001a760000,0x000000001a860000)]
  0x0000000019d92000 JavaThread "AWT-Shutdown" [_thread_blocked, id=10152, stack(0x000000001a660000,0x000000001a760000)]
  0x0000000019d8d800 JavaThread "Java2D Disposer" daemon [_thread_blocked, id=4908, stack(0x000000001a560000,0x000000001a660000)]
  0x0000000018f56800 JavaThread "Service Thread" daemon [_thread_blocked, id=19936, stack(0x0000000019a30000,0x0000000019b30000)]
  0x0000000018ec7800 JavaThread "C1 CompilerThread3" daemon [_thread_blocked, id=12508, stack(0x0000000019930000,0x0000000019a30000)]
  0x0000000018ebf800 JavaThread "C2 CompilerThread2" daemon [_thread_blocked, id=11568, stack(0x0000000019830000,0x0000000019930000)]
  0x0000000018eb9800 JavaThread "C2 CompilerThread1" daemon [_thread_blocked, id=10352, stack(0x0000000019730000,0x0000000019830000)]
  0x0000000018eb6800 JavaThread "C2 CompilerThread0" daemon [_thread_blocked, id=16340, stack(0x0000000019630000,0x0000000019730000)]
  0x0000000018eb3800 JavaThread "Attach Listener" daemon [_thread_blocked, id=19160, stack(0x0000000019530000,0x0000000019630000)]
  0x0000000016f6e800 JavaThread "Signal Dispatcher" daemon [_thread_blocked, id=260, stack(0x0000000019430000,0x0000000019530000)]
  0x0000000018e60800 JavaThread "Finalizer" daemon [_thread_blocked, id=17372, stack(0x0000000019240000,0x0000000019340000)]
  0x0000000016f5d800 JavaThread "Reference Handler" daemon [_thread_blocked, id=8936, stack(0x0000000018d40000,0x0000000018e40000)]
  0x000000000302e000 JavaThread "main" [_thread_blocked, id=11468, stack(0x0000000003060000,0x0000000003160000)]

Other Threads:
  0x0000000016f59000 VMThread [stack: 0x0000000018c40000,0x0000000018d40000] [id=13676]
  0x0000000018fc1000 WatcherThread [stack: 0x0000000019b30000,0x0000000019c30000] [id=10684]

VM state:not at safepoint (normal execution)

VM Mutex/Monitor currently owned by a thread: None

Heap:
 PSYoungGen      total 53248K, used 14480K [0x00000000e0780000, 0x00000000e9100000, 0x0000000100000000)
  eden space 49152K, 21% used [0x00000000e0780000,0x00000000e11c3d40,0x00000000e3780000)
  from space 4096K, 96% used [0x00000000e3780000,0x00000000e3b606b8,0x00000000e3b80000)
  to   space 25600K, 0% used [0x00000000e7800000,0x00000000e7800000,0x00000000e9100000)
 ParOldGen       total 88576K, used 44728K [0x00000000a1600000, 0x00000000a6c80000, 0x00000000e0780000)
  object space 88576K, 50% used [0x00000000a1600000,0x00000000a41ae320,0x00000000a6c80000)
 Metaspace       used 13264K, capacity 13482K, committed 13824K, reserved 1060864K
  class space    used 1661K, capacity 1741K, committed 1792K, reserved 1048576K

Card table byte_map: [0x0000000012620000,0x0000000012920000] byte_map_base: 0x0000000012115000

Marking Bits: (ParMarkBitMap*) 0x0000000072a3b6d0
 Begin Bits: [0x0000000013320000, 0x0000000014ac8000)
 End Bits:   [0x0000000014ac8000, 0x0000000016270000)

Polling page: 0x0000000001280000

CodeCache: size=245760Kb used=3840Kb max_used=3851Kb free=241919Kb
 bounds [0x0000000003260000, 0x0000000003630000, 0x0000000012260000]
 total_blobs=1620 nmethods=1117 adapters=415
 compilation: enabled

Compilation events (10 events):
Event: 3.311 Thread 0x0000000018ec7800 nmethod 1113 0x0000000003621410 code [0x0000000003621560, 0x0000000003621670]
Event: 3.311 Thread 0x0000000018ec7800 1112       3       javax.swing.RepaintManager::currentManager (37 bytes)
Event: 3.312 Thread 0x0000000018ec7800 nmethod 1112 0x00000000036216d0 code [0x0000000003621860, 0x0000000003621ce8]
Event: 3.312 Thread 0x0000000018ec7800 1114   !   3       sun.font.FileFontStrike::getCachedGlyphPtr (27 bytes)
Event: 3.312 Thread 0x0000000018ec7800 nmethod 1114 0x0000000003621e10 code [0x0000000003621fe0, 0x00000000036226b8]
Event: 3.312 Thread 0x0000000018ec7800 1115       3       sun.awt.SunHints$Value::hashCode (5 bytes)
Event: 3.312 Thread 0x0000000018ec7800 nmethod 1115 0x00000000036229d0 code [0x0000000003622b40, 0x0000000003622cc8]
Event: 3.312 Thread 0x0000000018ec7800 1116       1       sun.font.FontDesignMetrics$MetricsKey::hashCode (5 bytes)
Event: 3.312 Thread 0x0000000018ec7800 nmethod 1116 0x0000000003622d50 code [0x0000000003622ea0, 0x0000000003622fb0]
Event: 3.318 Thread 0x0000000018eb6800 1117       4       java.util.Arrays::binarySearch0 (95 bytes)

GC Heap History (10 events):
Event: 2.215 GC heap before
{Heap before GC invocations=2 (full 0):
 PSYoungGen      total 28672K, used 22186K [0x00000000e0780000, 0x00000000e2780000, 0x0000000100000000)
  eden space 24576K, 73% used [0x00000000e0780000,0x00000000e1932328,0x00000000e1f80000)
  from space 4096K, 99% used [0x00000000e1f80000,0x00000000e2378778,0x00000000e2380000)
  to   space 4096K, 0% used [0x00000000e2380000,0x00000000e2380000,0x00000000e2780000)
 ParOldGen       total 65536K, used 7964K [0x00000000a1600000, 0x00000000a5600000, 0x00000000e0780000)
  object space 65536K, 12% used [0x00000000a1600000,0x00000000a1dc7068,0x00000000a5600000)
 Metaspace       used 12807K, capacity 12992K, committed 13312K, reserved 1060864K
  class space    used 1624K, capacity 1706K, committed 1792K, reserved 1048576K
Event: 2.220 GC heap after
Heap after GC invocations=2 (full 0):
 PSYoungGen      total 28672K, used 4081K [0x00000000e0780000, 0x00000000e3f80000, 0x0000000100000000)
  eden space 24576K, 0% used [0x00000000e0780000,0x00000000e0780000,0x00000000e1f80000)
  from space 4096K, 99% used [0x00000000e2380000,0x00000000e277c768,0x00000000e2780000)
  to   space 4096K, 0% used [0x00000000e1f80000,0x00000000e1f80000,0x00000000e2380000)
 ParOldGen       total 65536K, used 20368K [0x00000000a1600000, 0x00000000a5600000, 0x00000000e0780000)
  object space 65536K, 31% used [0x00000000a1600000,0x00000000a29e4348,0x00000000a5600000)
 Metaspace       used 12807K, capacity 12992K, committed 13312K, reserved 1060864K
  class space    used 1624K, capacity 1706K, committed 1792K, reserved 1048576K
}
Event: 2.256 GC heap before
{Heap before GC invocations=3 (full 0):
 PSYoungGen      total 28672K, used 25358K [0x00000000e0780000, 0x00000000e3f80000, 0x0000000100000000)
  eden space 24576K, 86% used [0x00000000e0780000,0x00000000e1c47300,0x00000000e1f80000)
  from space 4096K, 99% used [0x00000000e2380000,0x00000000e277c768,0x00000000e2780000)
  to   space 4096K, 0% used [0x00000000e1f80000,0x00000000e1f80000,0x00000000e2380000)
 ParOldGen       total 65536K, used 36752K [0x00000000a1600000, 0x00000000a5600000, 0x00000000e0780000)
  object space 65536K, 56% used [0x00000000a1600000,0x00000000a39e4358,0x00000000a5600000)
 Metaspace       used 12827K, capacity 13056K, committed 13312K, reserved 1060864K
  class space    used 1624K, capacity 1706K, committed 1792K, reserved 1048576K
Event: 2.259 GC heap after
Heap after GC invocations=3 (full 0):
 PSYoungGen      total 28672K, used 4081K [0x00000000e0780000, 0x00000000e3f80000, 0x0000000100000000)
  eden space 24576K, 0% used [0x00000000e0780000,0x00000000e0780000,0x00000000e1f80000)
  from space 4096K, 99% used [0x00000000e1f80000,0x00000000e237c768,0x00000000e2380000)
  to   space 4096K, 0% used [0x00000000e3b80000,0x00000000e3b80000,0x00000000e3f80000)
 ParOldGen       total 65536K, used 44316K [0x00000000a1600000, 0x00000000a5600000, 0x00000000e0780000)
  object space 65536K, 67% used [0x00000000a1600000,0x00000000a4147228,0x00000000a5600000)
 Metaspace       used 12827K, capacity 13056K, committed 13312K, reserved 1060864K
  class space    used 1624K, capacity 1706K, committed 1792K, reserved 1048576K
}
Event: 2.413 GC heap before
{Heap before GC invocations=4 (full 0):
 PSYoungGen      total 28672K, used 28657K [0x00000000e0780000, 0x00000000e3f80000, 0x0000000100000000)
  eden space 24576K, 100% used [0x00000000e0780000,0x00000000e1f80000,0x00000000e1f80000)
  from space 4096K, 99% used [0x00000000e1f80000,0x00000000e237c768,0x00000000e2380000)
  to   space 4096K, 0% used [0x00000000e3b80000,0x00000000e3b80000,0x00000000e3f80000)
 ParOldGen       total 65536K, used 44316K [0x00000000a1600000, 0x00000000a5600000, 0x00000000e0780000)
  object space 65536K, 67% used [0x00000000a1600000,0x00000000a4147228,0x00000000a5600000)
 Metaspace       used 13153K, capacity 13350K, committed 13568K, reserved 1060864K
  class space    used 1658K, capacity 1741K, committed 1792K, reserved 1048576K
Event: 2.420 GC heap after
Heap after GC invocations=4 (full 0):
 PSYoungGen      total 53248K, used 4081K [0x00000000e0780000, 0x00000000e3f80000, 0x0000000100000000)
  eden space 49152K, 0% used [0x00000000e0780000,0x00000000e0780000,0x00000000e3780000)
  from space 4096K, 99% used [0x00000000e3b80000,0x00000000e3f7c768,0x00000000e3f80000)
  to   space 4096K, 0% used [0x00000000e3780000,0x00000000e3780000,0x00000000e3b80000)
 ParOldGen       total 65536K, used 62655K [0x00000000a1600000, 0x00000000a5600000, 0x00000000e0780000)
  object space 65536K, 95% used [0x00000000a1600000,0x00000000a532fee0,0x00000000a5600000)
 Metaspace       used 13153K, capacity 13350K, committed 13568K, reserved 1060864K
  class space    used 1658K, capacity 1741K, committed 1792K, reserved 1048576K
}
Event: 2.420 GC heap before
{Heap before GC invocations=5 (full 1):
 PSYoungGen      total 53248K, used 4081K [0x00000000e0780000, 0x00000000e3f80000, 0x0000000100000000)
  eden space 49152K, 0% used [0x00000000e0780000,0x00000000e0780000,0x00000000e3780000)
  from space 4096K, 99% used [0x00000000e3b80000,0x00000000e3f7c768,0x00000000e3f80000)
  to   space 4096K, 0% used [0x00000000e3780000,0x00000000e3780000,0x00000000e3b80000)
 ParOldGen       total 65536K, used 62655K [0x00000000a1600000, 0x00000000a5600000, 0x00000000e0780000)
  object space 65536K, 95% used [0x00000000a1600000,0x00000000a532fee0,0x00000000a5600000)
 Metaspace       used 13153K, capacity 13350K, committed 13568K, reserved 1060864K
  class space    used 1658K, capacity 1741K, committed 1792K, reserved 1048576K
Event: 2.441 GC heap after
Heap after GC invocations=5 (full 1):
 PSYoungGen      total 53248K, used 0K [0x00000000e0780000, 0x00000000e3f80000, 0x0000000100000000)
  eden space 49152K, 0% used [0x00000000e0780000,0x00000000e0780000,0x00000000e3780000)
  from space 4096K, 0% used [0x00000000e3b80000,0x00000000e3b80000,0x00000000e3f80000)
  to   space 4096K, 0% used [0x00000000e3780000,0x00000000e3780000,0x00000000e3b80000)
 ParOldGen       total 88576K, used 39503K [0x00000000a1600000, 0x00000000a6c80000, 0x00000000e0780000)
  object space 88576K, 44% used [0x00000000a1600000,0x00000000a3c93cf0,0x00000000a6c80000)
 Metaspace       used 13153K, capacity 13350K, committed 13568K, reserved 1060864K
  class space    used 1658K, capacity 1741K, committed 1792K, reserved 1048576K
}
Event: 2.569 GC heap before
{Heap before GC invocations=6 (full 1):
 PSYoungGen      total 53248K, used 49152K [0x00000000e0780000, 0x00000000e3f80000, 0x0000000100000000)
  eden space 49152K, 100% used [0x00000000e0780000,0x00000000e3780000,0x00000000e3780000)
  from space 4096K, 0% used [0x00000000e3b80000,0x00000000e3b80000,0x00000000e3f80000)
  to   space 4096K, 0% used [0x00000000e3780000,0x00000000e3780000,0x00000000e3b80000)
 ParOldGen       total 88576K, used 39503K [0x00000000a1600000, 0x00000000a6c80000, 0x00000000e0780000)
  object space 88576K, 44% used [0x00000000a1600000,0x00000000a3c93cf0,0x00000000a6c80000)
 Metaspace       used 13221K, capacity 13414K, committed 13824K, reserved 1060864K
  class space    used 1660K, capacity 1741K, committed 1792K, reserved 1048576K
Event: 2.572 GC heap after
Heap after GC invocations=6 (full 1):
 PSYoungGen      total 53248K, used 3969K [0x00000000e0780000, 0x00000000e9100000, 0x0000000100000000)
  eden space 49152K, 0% used [0x00000000e0780000,0x00000000e0780000,0x00000000e3780000)
  from space 4096K, 96% used [0x00000000e3780000,0x00000000e3b606b8,0x00000000e3b80000)
  to   space 25600K, 0% used [0x00000000e7800000,0x00000000e7800000,0x00000000e9100000)
 ParOldGen       total 88576K, used 44728K [0x00000000a1600000, 0x00000000a6c80000, 0x00000000e0780000)
  object space 88576K, 50% used [0x00000000a1600000,0x00000000a41ae320,0x00000000a6c80000)
 Metaspace       used 13221K, capacity 13414K, committed 13824K, reserved 1060864K
  class space    used 1660K, capacity 1741K, committed 1792K, reserved 1048576K
}

Deoptimization events (8 events):
Event: 0.216 Thread 0x000000000302e000 Uncommon trap: reason=null_check action=make_not_entrant pc=0x00000000033cfcf8 method=java.lang.String.equals(Ljava/lang/Object;)Z @ 8
Event: 0.431 Thread 0x000000000302e000 Uncommon trap: reason=unstable_if action=reinterpret pc=0x0000000003431b90 method=sun.awt.image.ByteInterleavedRaster.putByteData(IIII[B)V @ 395
Event: 2.300 Thread 0x0000000019ef7800 Uncommon trap: reason=unstable_if action=reinterpret pc=0x000000000353a314 method=java.util.regex.Pattern$CharProperty.match(Ljava/util/regex/Matcher;ILjava/lang/CharSequence;)Z @ 5
Event: 2.314 Thread 0x0000000019ef7800 Uncommon trap: reason=unstable_if action=reinterpret pc=0x00000000034f7c48 method=sun.net.www.ParseUtil.encodePath(Ljava/lang/String;Z)Ljava/lang/String; @ 109
Event: 2.358 Thread 0x0000000019ef7800 Uncommon trap: reason=unstable_if action=reinterpret pc=0x000000000356c738 method=org.xmlpull.mxp1.MXParser.more()C @ 8
Event: 2.442 Thread 0x0000000019ef7800 Uncommon trap: reason=unstable_if action=reinterpret pc=0x0000000003589ba4 method=java.io.StringReader.read()I @ 19
Event: 2.442 Thread 0x0000000019ef7800 Uncommon trap: reason=unstable_if action=reinterpret pc=0x00000000035832fc method=java.io.StringReader.read()I @ 19
Event: 2.470 Thread 0x0000000019ef7800 Uncommon trap: reason=unstable_if action=reinterpret pc=0x00000000035adf3c method=java.io.StringReader.read()I @ 19

Internal exceptions (10 events):
Event: 0.122 Thread 0x000000000302e000 Exception <a 'java/security/PrivilegedActionException'> (0x00000000e0836238) thrown at [C:\re\workspace\8-2-build-windows-amd64-cygwin\jdk8u121\8372\hotspot\src\share\vm\prims\jvm.cpp, line 1390]
Event: 0.123 Thread 0x000000000302e000 Exception <a 'java/security/PrivilegedActionException'> (0x00000000e083a090) thrown at [C:\re\workspace\8-2-build-windows-amd64-cygwin\jdk8u121\8372\hotspot\src\share\vm\prims\jvm.cpp, line 1390]
Event: 0.123 Thread 0x000000000302e000 Exception <a 'java/security/PrivilegedActionException'> (0x00000000e083a2a0) thrown at [C:\re\workspace\8-2-build-windows-amd64-cygwin\jdk8u121\8372\hotspot\src\share\vm\prims\jvm.cpp, line 1390]
Event: 0.127 Thread 0x000000000302e000 Exception <a 'java/io/FileNotFoundException'> (0x00000000e083c938) thrown at [C:\re\workspace\8-2-build-windows-amd64-cygwin\jdk8u121\8372\hotspot\src\share\vm\prims\jni.cpp, line 709]
Event: 0.162 Thread 0x000000000302e000 Exception <a 'java/lang/NoSuchFieldError': method resolution failed> (0x00000000e0984e28) thrown at [C:\re\workspace\8-2-build-windows-amd64-cygwin\jdk8u121\8372\hotspot\src\share\vm\prims\methodHandles.cpp, line 1146]
Event: 0.163 Thread 0x000000000302e000 Exception <a 'java/lang/NoSuchFieldError': method resolution failed> (0x00000000e09921f8) thrown at [C:\re\workspace\8-2-build-windows-amd64-cygwin\jdk8u121\8372\hotspot\src\share\vm\prims\methodHandles.cpp, line 1146]
Event: 0.216 Thread 0x000000000302e000 Implicit null exception at 0x00000000033cfb22 to 0x00000000033cfce9
Event: 0.223 Thread 0x000000000302e000 Exception <a 'java/io/FileNotFoundException'> (0x00000000e0af0020) thrown at [C:\re\workspace\8-2-build-windows-amd64-cygwin\jdk8u121\8372\hotspot\src\share\vm\prims\jni.cpp, line 709]
Event: 0.395 Thread 0x000000000302e000 Exception <a 'sun/nio/fs/WindowsException'> (0x00000000e1278428) thrown at [C:\re\workspace\8-2-build-windows-amd64-cygwin\jdk8u121\8372\hotspot\src\share\vm\prims\jni.cpp, line 709]
Event: 0.399 Thread 0x000000000302e000 Exception <a 'sun/nio/fs/WindowsException'> (0x00000000e127fb78) thrown at [C:\re\workspace\8-2-build-windows-amd64-cygwin\jdk8u121\8372\hotspot\src\share\vm\prims\jni.cpp, line 709]

Events (10 events):
Event: 2.470 Thread 0x0000000019ef7800 DEOPT PACKING pc=0x00000000035adf3c sp=0x000000001b0aabb0
Event: 2.470 Thread 0x0000000019ef7800 DEOPT UNPACKING pc=0x00000000032a582a sp=0x000000001b0aaab0 mode 2
Event: 2.519 loading class com/thoughtworks/xstream/mapper/Mapper$ImplicitCollectionMapping
Event: 2.519 loading class com/thoughtworks/xstream/mapper/Mapper$ImplicitCollectionMapping done
Event: 2.569 Executing VM operation: ParallelGCFailedAllocation
Event: 2.572 Executing VM operation: ParallelGCFailedAllocation done
Event: 3.308 loading class model/ShapePool$ShapeIterator
Event: 3.308 loading class model/ShapePool$ShapeIterator done
Event: 3.309 loading class java/time/temporal/ValueRange
Event: 3.309 loading class java/time/temporal/ValueRange done


Dynamic libraries:
0x00007ff78e180000 - 0x00007ff78e1b7000 	C:\Program Files\Java\jre1.8.0_121\bin\javaw.exe
0x00007ffd696a0000 - 0x00007ffd69871000 	C:\Windows\SYSTEM32\ntdll.dll
0x00007ffd67280000 - 0x00007ffd6732b000 	C:\Windows\System32\KERNEL32.DLL
0x00007ffd66270000 - 0x00007ffd6648d000 	C:\Windows\System32\KERNELBASE.dll
0x00007ffd66ca0000 - 0x00007ffd66d42000 	C:\Windows\System32\ADVAPI32.dll
0x00007ffd673a0000 - 0x00007ffd6743e000 	C:\Windows\System32\msvcrt.dll
0x00007ffd66c40000 - 0x00007ffd66c99000 	C:\Windows\System32\sechost.dll
0x00007ffd68de0000 - 0x00007ffd68f01000 	C:\Windows\System32\RPCRT4.dll
0x00007ffd694b0000 - 0x00007ffd69615000 	C:\Windows\System32\USER32.dll
0x00007ffd65b70000 - 0x00007ffd65b8e000 	C:\Windows\System32\win32u.dll
0x00007ffd67440000 - 0x00007ffd67474000 	C:\Windows\System32\GDI32.dll
0x00007ffd66560000 - 0x00007ffd666e2000 	C:\Windows\System32\gdi32full.dll
0x00007ffd64190000 - 0x00007ffd64409000 	C:\Windows\WinSxS\amd64_microsoft.windows.common-controls_6595b64144ccf1df_6.0.14393.447_none_42191651c6827bb3\COMCTL32.dll
0x00007ffd66fb0000 - 0x00007ffd67278000 	C:\Windows\System32\combase.dll
0x00007ffd66a10000 - 0x00007ffd66b05000 	C:\Windows\System32\ucrtbase.dll
0x00007ffd664f0000 - 0x00007ffd6655a000 	C:\Windows\System32\bcryptPrimitives.dll
0x00007ffd66c10000 - 0x00007ffd66c3e000 	C:\Windows\System32\IMM32.DLL
0x00007ffd56790000 - 0x00007ffd567c1800 	C:\Windows\system32\DriverStore\FileRepository\nvdmi.inf_amd64_fd06216336fcf4a2\nvinitx.dll
0x00007ffd646a0000 - 0x00007ffd646aa000 	C:\Windows\SYSTEM32\VERSION.dll
0x00007ffd678d0000 - 0x00007ffd68dd9000 	C:\Windows\System32\Shell32.dll
0x00007ffd66b10000 - 0x00007ffd66b52000 	C:\Windows\System32\cfgmgr32.dll
0x00007ffd65b90000 - 0x00007ffd6626a000 	C:\Windows\System32\windows.storage.dll
0x00007ffd65ae0000 - 0x00007ffd65b2c000 	C:\Windows\System32\powrprof.dll
0x00007ffd68f10000 - 0x00007ffd68f62000 	C:\Windows\System32\shlwapi.dll
0x00007ffd65b60000 - 0x00007ffd65b6f000 	C:\Windows\System32\kernel.appcore.dll
0x00007ffd668c0000 - 0x00007ffd66969000 	C:\Windows\System32\shcore.dll
0x00007ffd65b30000 - 0x00007ffd65b44000 	C:\Windows\System32\profapi.dll
0x00000000746b0000 - 0x00000000746b6000 	C:\Program Files\NVIDIA Corporation\CoProcManager\_etoured.dll
0x00007ffd56740000 - 0x00007ffd56780800 	C:\Program Files\NVIDIA Corporation\CoProcManager\nvd3d9wrapx.dll
0x00007ffd67490000 - 0x00007ffd678b9000 	C:\Windows\System32\SETUPAPI.dll
0x00007ffd56710000 - 0x00007ffd5673a000 	C:\Program Files\NVIDIA Corporation\CoProcManager\nvdxgiwrapx.dll
0x00000000744d0000 - 0x00000000745a2000 	C:\Program Files\Java\jre1.8.0_121\bin\msvcr100.dll
0x0000000072220000 - 0x0000000072abb000 	C:\Program Files\Java\jre1.8.0_121\bin\server\jvm.dll
0x00007ffd67480000 - 0x00007ffd67488000 	C:\Windows\System32\PSAPI.DLL
0x00007ffd63540000 - 0x00007ffd63563000 	C:\Windows\SYSTEM32\WINMM.dll
0x00007ffd640a0000 - 0x00007ffd640a9000 	C:\Windows\SYSTEM32\WSOCK32.dll
0x00007ffd69620000 - 0x00007ffd6968a000 	C:\Windows\System32\WS2_32.dll
0x00007ffd63510000 - 0x00007ffd6353b000 	C:\Windows\SYSTEM32\WINMMBASE.dll
0x00000000747d0000 - 0x00000000747df000 	C:\Program Files\Java\jre1.8.0_121\bin\verify.dll
0x00000000747a0000 - 0x00000000747c9000 	C:\Program Files\Java\jre1.8.0_121\bin\java.dll
0x0000000074780000 - 0x0000000074796000 	C:\Program Files\Java\jre1.8.0_121\bin\zip.dll
0x0000000071a60000 - 0x0000000071bf8000 	C:\Program Files\Java\jre1.8.0_121\bin\awt.dll
0x00007ffd69230000 - 0x00007ffd692ef000 	C:\Windows\System32\OLEAUT32.dll
0x00007ffd66970000 - 0x00007ffd66a0c000 	C:\Windows\System32\msvcp_win.dll
0x00007ffd63090000 - 0x00007ffd6310a000 	C:\Windows\SYSTEM32\apphelp.dll
0x00007ffd63850000 - 0x00007ffd638e5000 	C:\Windows\system32\uxtheme.dll
0x00007ffd66e50000 - 0x00007ffd66fab000 	C:\Windows\System32\MSCTF.dll
0x00007ffd632b0000 - 0x00007ffd632d6000 	C:\Windows\system32\dwmapi.dll
0x00007ffd69370000 - 0x00007ffd694a7000 	C:\Windows\System32\ole32.dll
0x0000000074480000 - 0x00000000744c7000 	C:\Program Files\Java\jre1.8.0_121\bin\fontmanager.dll
0x00007ffd51c60000 - 0x00007ffd51d83000 	C:\Windows\system32\opengl32.dll
0x00007ffd58ea0000 - 0x00007ffd58ecd000 	C:\Windows\SYSTEM32\GLU32.dll
0x00007ffd56880000 - 0x00007ffd56977000 	C:\Windows\SYSTEM32\DDRAW.dll
0x00007ffd5ddc0000 - 0x00007ffd5ddc8000 	C:\Windows\SYSTEM32\DCIMAN32.dll
0x0000000074760000 - 0x000000007477a000 	C:\Program Files\Java\jre1.8.0_121\bin\net.dll
0x00007ffd65110000 - 0x00007ffd6516c000 	C:\Windows\system32\mswsock.dll
0x0000000074740000 - 0x0000000074751000 	C:\Program Files\Java\jre1.8.0_121\bin\nio.dll
0x0000000074430000 - 0x0000000074472000 	C:\Program Files\Java\jre1.8.0_121\bin\t2k.dll
0x00007ffd64bf0000 - 0x00007ffd64c22000 	C:\Windows\SYSTEM32\ntmarta.dll
0x00000000746c0000 - 0x00000000746f1000 	C:\Program Files\Java\jre1.8.0_121\bin\jpeg.dll
0x00007ffd66d50000 - 0x00007ffd66def000 	C:\Windows\System32\clbcatq.dll
0x00007ffd602c0000 - 0x00007ffd60468000 	C:\Windows\SYSTEM32\WindowsCodecs.dll
0x00007ffd4fe80000 - 0x00007ffd4fec9000 	C:\Windows\system32\dataexchange.dll
0x00007ffd605a0000 - 0x00007ffd60856000 	C:\Windows\system32\d3d11.dll
0x00007ffd62ad0000 - 0x00007ffd62c21000 	C:\Windows\system32\dcomp.dll
0x00007ffd64740000 - 0x00007ffd647df000 	C:\Windows\system32\dxgi.dll
0x00007ffd63ac0000 - 0x00007ffd63bdc000 	C:\Windows\system32\twinapi.appcore.dll
0x00007ffd656f0000 - 0x00007ffd6571b000 	C:\Windows\system32\bcrypt.dll
0x00007ffd65740000 - 0x00007ffd658d2000 	C:\Windows\SYSTEM32\dbghelp.dll

VM Arguments:
jvm_args: -Dfile.encoding=Cp1256 
java_command: controller.Time
java_class_path (initial): C:\Users\DELL\git\circusgame\CircusOfPlates\bin;C:\Users\DELL\git\circusgame\CircusOfPlates\GameData;C:\Users\DELL\git\circusgame\CircusOfPlates\logs;C:\Users\DELL\git\circusgame\CircusOfPlates\properties;C:\Users\DELL\git\circusgame\CircusOfPlates\gson-2.3.1.jar;C:\Users\DELL\git\circusgame\CircusOfPlates\log4j-api-2.6.2.jar;C:\Users\DELL\git\circusgame\CircusOfPlates\log4j-core-2.6.2.jar;C:\Users\DELL\git\circusgame\CircusOfPlates\img;C:\Users\DELL\git\circusgame\CircusOfPlates\coloredImages;C:\Users\DELL\git\circusgame\CircusOfPlates\jars\jackson-annotations-2.8.0.jar;C:\Users\DELL\git\circusgame\CircusOfPlates\jars\jackson-core-2.8.1.jar;C:\Users\DELL\git\circusgame\CircusOfPlates\jars\jackson-databind-2.8.1.jar;C:\Users\DELL\git\circusgame\CircusOfPlates\xmlpull-1.1.3.1.jar;C:\Users\DELL\git\circusgame\CircusOfPlates\xpp3_min-1.1.4c.jar;C:\Users\DELL\git\circusgame\CircusOfPlates\xstream-1.4.9.jar
Launcher Type: SUN_STANDARD

Environment Variables:
CLASSPATH=.;C:\Program Files (x86)\Java\jre6\lib\ext\QTJava.zip
PATH=C:/Program Files/Java/jre1.8.0_121/bin/server;C:/Program Files/Java/jre1.8.0_121/bin;C:/Program Files/Java/jre1.8.0_121/lib/amd64;C:\Xilinx\10.1\ISE\bin\nt;C:\Xilinx\10.1\ISE\lib\nt;C:\Xilinx\10.1\ISE\smartmodel\nt\installed_nt\lib\pcnt.lib;C:\ProgramData\Oracle\Java\javapath;C:\Program Files\Common Files\Microsoft Shared\Windows Live;C:\Program Files (x86)\Common Files\Microsoft Shared\Windows Live;C:\windows\system32;C:\windows;C:\windows\System32\Wbem;c:\Program Files (x86)\Common Files\Roxio Shared\OEM\DLLShared\;c:\Program Files (x86)\Common Files\Roxio Shared\OEM\12.0\DLLShared\;c:\Program Files (x86)\Roxio\OEM\AudioCore\;C:\Program Files (x86)\Windows Live\Shared;C:\windows\System32\WindowsPowerShell\v1.0\;C:\Program Files (x86)\QuickTime\QTSystem\;C:\Program Files (x86)\Intel\OpenCL SDK\2.0\bin\x86;C:\Program Files (x86)\Intel\OpenCL SDK\2.0\bin\x64;C:\Program Files (x86)\NVIDIA Corporation\PhysX\Common;C:\Program Files (x86)\Skype\Phone\;C:\WINDOWS\system32;C:\WINDOWS;C:\WINDOWS\System32\Wbem;C:\WINDOWS\System32\WindowsPowerShell\v1.0\;C:\Program Files (x86)\Common Files\lenovo\easyplussdk\bin;C:\Windows\system32;C:\Windows;C:\Windows\System32\Wbem;C:\Windows\System32\WindowsPowerShell\v1.0\;C:\Program Files\MATLAB\R2013a\runtime\win64;C:\Program Files\MATLAB\R2013a\bin;C:\Program Files\nodejs\;C:\Program Files (x86)\MySQL\MySQL Fabric 1.5 & MySQL Utilities 1.5\;C:\Program Files (x86)\MySQL\MySQL Fabric 1.5 & MySQL Utilities 1.5\Doctrine extensions for PHP\;C:\Program Files (x86)\OpenVPN\bin;C:\Program Files (x86)\Google\google_appengine\;C:\Users\DELL\AppData\Roaming\npm;%USERPROFILE%\AppData\Local\Microsoft\WindowsApps;;C:\Users\DELL\Desktop\Main\eclipse;
USERNAME=DELL
OS=Windows_NT
PROCESSOR_IDENTIFIER=Intel64 Family 6 Model 42 Stepping 7, GenuineIntel



---------------  S Y S T E M  ---------------

OS: Windows 10.0 , 64 bit Build 14393 (10.0.14393.0)

CPU:total 8 (4 cores per cpu, 2 threads per core) family 6 model 42 stepping 7, cmov, cx8, fxsr, mmx, sse, sse2, sse3, ssse3, sse4.1, sse4.2, popcnt, avx, aes, clmul, ht, tsc, tscinvbit

Memory: 4k page, physical 6196396k(1772064k free), swap 12487852k(5364676k free)

vm_info: Java HotSpot(TM) 64-Bit Server VM (25.121-b13) for windows-amd64 JRE (1.8.0_121-b13), built on Dec 12 2016 18:21:36 by "java_re" with MS VC++ 10.0 (VS2010)

time: Thu Jan 26 05:44:18 2017
elapsed time: 3 seconds (0d 0h 0m 3s)

