#
# A fatal error has been detected by the Java Runtime Environment:
#
#  EXCEPTION_ACCESS_VIOLATION (0xc0000005) at pc=0x0000000071acbf63, pid=19520, tid=0x0000000000001ff8
#
# JRE version: Java(TM) SE Runtime Environment (8.0_121-b13) (build 1.8.0_121-b13)
# Java VM: Java HotSpot(TM) 64-Bit Server VM (25.121-b13 mixed mode windows-amd64 compressed oops)
# Problematic frame:
# C  [awt.dll+0x6bf63]
#
# Failed to write core dump. Minidumps are not enabled by default on client versions of Windows
#
# If you would like to submit a bug report, please visit:
#   http://bugreport.java.com/bugreport/crash.jsp
# The crash happened outside the Java Virtual Machine in native code.
# See problematic frame for where to report the bug.
#

---------------  T H R E A D  ---------------

Current thread (0x000000001934b800):  JavaThread "AWT-EventQueue-0" [_thread_in_native, id=8184, stack(0x000000001a390000,0x000000001a490000)]

siginfo: ExceptionCode=0xc0000005, reading address 0xffffffffffffffff

Registers:
RAX=0x00ffffff00ffffff, RBX=0x000000001934b9f8, RCX=0x000000001934b9f8, RDX=0x0000000019ea3b40
RSP=0x000000001a488340, RBP=0x000000001a488401, RSI=0x000000001a48c860, RDI=0x0000000019ea3b40
R8 =0x0000000000000042, R9 =0x00000000e38f1e08, R10=0x0000000000000018, R11=0x0000000072a2d358
R12=0x000000001a48c860, R13=0x000000001a48c848, R14=0x000000001a48c858, R15=0x00000000000002ea
RIP=0x0000000071acbf63, EFLAGS=0x0000000000010206

Top of Stack: (sp=0x000000001a488340)
0x000000001a488340:   000000001a488530 000000001957dda0
0x000000001a488350:   0000000000000078 000000024aaaaaaa
0x000000001a488360:   000000001934b9f8 0000000071ad1907
0x000000001a488370:   0000000071ba21a8 000000001a488470
0x000000001a488380:   000000001a48c850 000000abd333331b
0x000000001a488390:   0000000400000000 000000ab00000078
0x000000001a4883a0:   0000000000000001 000000001a488490
0x000000001a4883b0:   0000000000001378 0000000071ba5b38
0x000000001a4883c0:   00000000000006b8 000000001a1f6820
0x000000001a4883d0:   000000001a226cb0 000000001a23c3f0
0x000000001a4883e0:   000000001a236628 000000001a235558
0x000000001a4883f0:   0000080000000163 000000001957dda0
0x000000001a488400:   000000001a48c840 000000001a48a650
0x000000001a488410:   00000000193971c0 000000b02cccccb4
0x000000001a488420:   000000001a1ee1d8 0000000071a8fa30
0x000000001a488430:   0000000459999999 000000001934b9f8 

Instructions: (pc=0x0000000071acbf63)
0x0000000071acbf43:   15 58 2e 09 00 e8 33 24 07 00 eb 16 40 84 ed 74
0x0000000071acbf53:   11 48 8b 40 20 48 85 c0 74 08 48 8b d7 48 8b cb
0x0000000071acbf63:   ff d0 48 8b c7 48 8b 5c 24 30 48 8b 6c 24 38 48
0x0000000071acbf73:   8b 74 24 40 48 83 c4 20 5f c3 cc cc cc 41 b0 01 


Register to memory mapping:

RAX=0x00ffffff00ffffff is an unknown value
RBX=0x000000001934b9f8 is an unknown value
RCX=0x000000001934b9f8 is an unknown value
RDX=0x0000000019ea3b40 is an unknown value
RSP=0x000000001a488340 is pointing into the stack for thread: 0x000000001934b800
RBP=0x000000001a488401 is pointing into the stack for thread: 0x000000001934b800
RSI=0x000000001a48c860 is pointing into the stack for thread: 0x000000001934b800
RDI=0x0000000019ea3b40 is an unknown value
R8 =0x0000000000000042 is an unknown value
R9 =0x00000000e38f1e08 is an oop
sun.awt.image.BufImgSurfaceData 
 - klass: 'sun/awt/image/BufImgSurfaceData'
R10=0x0000000000000018 is an unknown value
R11=0x0000000072a2d358 is an unknown value
R12=0x000000001a48c860 is pointing into the stack for thread: 0x000000001934b800
R13=0x000000001a48c848 is pointing into the stack for thread: 0x000000001934b800
R14=0x000000001a48c858 is pointing into the stack for thread: 0x000000001934b800
R15=0x00000000000002ea is an unknown value


Stack: [0x000000001a390000,0x000000001a490000],  sp=0x000000001a488340,  free space=992k
Native frames: (J=compiled Java code, j=interpreted, Vv=VM code, C=native code)
C  [awt.dll+0x6bf63]
C  [awt.dll+0x71907]
C  0x00000000026c7f74

Java frames: (J=compiled Java code, j=interpreted, Vv=VM code)
j  sun.java2d.loops.TransformHelper.Transform(Lsun/java2d/loops/MaskBlit;Lsun/java2d/SurfaceData;Lsun/java2d/SurfaceData;Ljava/awt/Composite;Lsun/java2d/pipe/Region;Ljava/awt/geom/AffineTransform;IIIIIIIII[III)V+0
j  sun.java2d.pipe.DrawImage.renderImageXform(Lsun/java2d/SunGraphics2D;Ljava/awt/Image;Ljava/awt/geom/AffineTransform;IIIIILjava/awt/Color;)V+542
j  sun.java2d.pipe.DrawImage.transformImage(Lsun/java2d/SunGraphics2D;Ljava/awt/Image;Ljava/awt/geom/AffineTransform;IIIIILjava/awt/Color;)V+120
j  sun.java2d.pipe.DrawImage.scaleImage(Lsun/java2d/SunGraphics2D;Ljava/awt/Image;IIIILjava/awt/Color;)Z+181
j  sun.java2d.pipe.DrawImage.scaleImage(Lsun/java2d/SunGraphics2D;Ljava/awt/Image;IIIILjava/awt/Color;Ljava/awt/image/ImageObserver;)Z+19
j  sun.java2d.SunGraphics2D.drawImage(Ljava/awt/Image;IIIILjava/awt/Color;Ljava/awt/image/ImageObserver;)Z+114
j  sun.java2d.SunGraphics2D.drawImage(Ljava/awt/Image;IIIILjava/awt/image/ImageObserver;)Z+11
j  view.GUI$DrawingArea.paintComponent(Ljava/awt/Graphics;)V+428
j  javax.swing.JComponent.paint(Ljava/awt/Graphics;)V+286
j  javax.swing.JComponent.paintToOffscreen(Ljava/awt/Graphics;IIIIII)V+41
j  javax.swing.RepaintManager$PaintManager.paintDoubleBuffered(Ljavax/swing/JComponent;Ljava/awt/Image;Ljava/awt/Graphics;IIII)V+163
j  javax.swing.RepaintManager$PaintManager.paint(Ljavax/swing/JComponent;Ljavax/swing/JComponent;Ljava/awt/Graphics;IIII)Z+116
j  javax.swing.RepaintManager.paint(Ljavax/swing/JComponent;Ljavax/swing/JComponent;Ljava/awt/Graphics;IIII)V+51
j  javax.swing.JComponent._paintImmediately(IIII)V+683
j  javax.swing.JComponent.paintImmediately(IIII)V+138
j  javax.swing.RepaintManager$4.run()Ljava/lang/Void;+81
j  javax.swing.RepaintManager$4.run()Ljava/lang/Object;+1
v  ~StubRoutines::call_stub
J 571  java.security.AccessController.doPrivileged(Ljava/security/PrivilegedAction;Ljava/security/AccessControlContext;)Ljava/lang/Object; (0 bytes) @ 0x00000000028e3066 [0x00000000028e3000+0x66]
J 575 C1 java.security.ProtectionDomain$JavaSecurityAccessImpl.doIntersectionPrivilege(Ljava/security/PrivilegedAction;Ljava/security/AccessControlContext;Ljava/security/AccessControlContext;)Ljava/lang/Object; (22 bytes) @ 0x00000000028e466c [0x00000000028e4200+0x46c]
j  javax.swing.RepaintManager.paintDirtyRegions(Ljava/util/Map;)V+154
j  javax.swing.RepaintManager.paintDirtyRegions()V+46
j  javax.swing.RepaintManager.prePaintDirtyRegions()V+73
j  javax.swing.RepaintManager.access$1200(Ljavax/swing/RepaintManager;)V+1
j  javax.swing.RepaintManager$ProcessingRunnable.run()V+37
j  java.awt.event.InvocationEvent.dispatch()V+47
J 1152 C1 java.awt.EventQueue.dispatchEventImpl(Ljava/awt/AWTEvent;Ljava/lang/Object;)V (149 bytes) @ 0x0000000002a92904 [0x0000000002a90e40+0x1ac4]
J 1150 C1 java.awt.EventQueue$3.run()Ljava/lang/Void; (60 bytes) @ 0x0000000002a8aacc [0x0000000002a8a8c0+0x20c]
J 1149 C1 java.awt.EventQueue$3.run()Ljava/lang/Object; (5 bytes) @ 0x0000000002a8b18c [0x0000000002a8b100+0x8c]
v  ~StubRoutines::call_stub
J 571  java.security.AccessController.doPrivileged(Ljava/security/PrivilegedAction;Ljava/security/AccessControlContext;)Ljava/lang/Object; (0 bytes) @ 0x00000000028e3066 [0x00000000028e3000+0x66]
J 593 C1 java.awt.EventQueue.dispatchEvent(Ljava/awt/AWTEvent;)V (80 bytes) @ 0x00000000028eec84 [0x00000000028ee300+0x984]
J 1102 C1 java.awt.EventDispatchThread.pumpOneEventForFilters(I)V (295 bytes) @ 0x0000000002a76bb4 [0x0000000002a74f00+0x1cb4]
j  java.awt.EventDispatchThread.pumpEventsForFilter(ILjava/awt/Conditional;Ljava/awt/EventFilter;)V+35
j  java.awt.EventDispatchThread.pumpEventsForHierarchy(ILjava/awt/Conditional;Ljava/awt/Component;)V+11
j  java.awt.EventDispatchThread.pumpEvents(ILjava/awt/Conditional;)V+4
j  java.awt.EventDispatchThread.pumpEvents(Ljava/awt/Conditional;)V+3
j  java.awt.EventDispatchThread.run()V+9
v  ~StubRoutines::call_stub

---------------  P R O C E S S  ---------------

Java Threads: ( => current thread )
  0x000000001939e800 JavaThread "TimerQueue" daemon [_thread_blocked, id=9680, stack(0x000000001ae20000,0x000000001af20000)]
=>0x000000001934b800 JavaThread "AWT-EventQueue-0" [_thread_in_native, id=8184, stack(0x000000001a390000,0x000000001a490000)]
  0x000000001922c800 JavaThread "AWT-Windows" daemon [_thread_in_native, id=14224, stack(0x0000000019bb0000,0x0000000019cb0000)]
  0x000000001922b800 JavaThread "AWT-Shutdown" [_thread_blocked, id=20092, stack(0x0000000019ab0000,0x0000000019bb0000)]
  0x0000000019229000 JavaThread "Java2D Disposer" daemon [_thread_blocked, id=13468, stack(0x00000000199b0000,0x0000000019ab0000)]
  0x00000000183b2000 JavaThread "Service Thread" daemon [_thread_blocked, id=12908, stack(0x0000000018e80000,0x0000000018f80000)]
  0x000000001831a800 JavaThread "C1 CompilerThread3" daemon [_thread_blocked, id=11856, stack(0x0000000018d80000,0x0000000018e80000)]
  0x000000001830d000 JavaThread "C2 CompilerThread2" daemon [_thread_blocked, id=16352, stack(0x0000000018c80000,0x0000000018d80000)]
  0x000000001830b000 JavaThread "C2 CompilerThread1" daemon [_thread_blocked, id=9964, stack(0x0000000018b80000,0x0000000018c80000)]
  0x0000000018308000 JavaThread "C2 CompilerThread0" daemon [_thread_blocked, id=16736, stack(0x0000000018a80000,0x0000000018b80000)]
  0x0000000018305000 JavaThread "Attach Listener" daemon [_thread_blocked, id=6668, stack(0x0000000018980000,0x0000000018a80000)]
  0x0000000018304800 JavaThread "Signal Dispatcher" daemon [_thread_blocked, id=13328, stack(0x0000000018880000,0x0000000018980000)]
  0x00000000182b0800 JavaThread "Finalizer" daemon [_thread_blocked, id=12608, stack(0x0000000018690000,0x0000000018790000)]
  0x00000000163ad800 JavaThread "Reference Handler" daemon [_thread_blocked, id=11288, stack(0x0000000018190000,0x0000000018290000)]
  0x000000000251e000 JavaThread "main" [_thread_blocked, id=19920, stack(0x00000000023e0000,0x00000000024e0000)]

Other Threads:
  0x00000000163a9000 VMThread [stack: 0x0000000018090000,0x0000000018190000] [id=3880]
  0x0000000018414000 WatcherThread [stack: 0x0000000018f80000,0x0000000019080000] [id=10368]

VM state:not at safepoint (normal execution)

VM Mutex/Monitor currently owned by a thread: None

Heap:
 PSYoungGen      total 52224K, used 17075K [0x00000000e0780000, 0x00000000e8c00000, 0x0000000100000000)
  eden space 48128K, 27% used [0x00000000e0780000,0x00000000e1450208,0x00000000e3680000)
  from space 4096K, 96% used [0x00000000e3680000,0x00000000e3a5cd98,0x00000000e3a80000)
  to   space 25088K, 0% used [0x00000000e7380000,0x00000000e7380000,0x00000000e8c00000)
 ParOldGen       total 75264K, used 42918K [0x00000000a1600000, 0x00000000a5f80000, 0x00000000e0780000)
  object space 75264K, 57% used [0x00000000a1600000,0x00000000a3fe9a40,0x00000000a5f80000)
 Metaspace       used 13339K, capacity 13530K, committed 13824K, reserved 1060864K
  class space    used 1661K, capacity 1741K, committed 1792K, reserved 1048576K

Card table byte_map: [0x0000000011a70000,0x0000000011d70000] byte_map_base: 0x0000000011565000

Marking Bits: (ParMarkBitMap*) 0x0000000072a3b6d0
 Begin Bits: [0x0000000012770000, 0x0000000013f18000)
 End Bits:   [0x0000000013f18000, 0x00000000156c0000)

Polling page: 0x0000000000c00000

CodeCache: size=245760Kb used=4007Kb max_used=4018Kb free=241752Kb
 bounds [0x00000000026b0000, 0x0000000002aa0000, 0x00000000116b0000]
 total_blobs=1674 nmethods=1171 adapters=415
 compilation: enabled

Compilation events (10 events):
Event: 6.150 Thread 0x000000001831a800 nmethod 1166 0x0000000002a99c90 code [0x0000000002a99de0, 0x0000000002a99f50]
Event: 6.169 Thread 0x000000001831a800 1167       3       java.security.CodeSource::equals (60 bytes)
Event: 6.170 Thread 0x000000001831a800 nmethod 1167 0x0000000002a99fd0 code [0x0000000002a9a180, 0x0000000002a9a958]
Event: 6.170 Thread 0x000000001831a800 1168       3       java.net.URLStreamHandler::sameFile (136 bytes)
Event: 6.171 Thread 0x000000001831a800 nmethod 1168 0x0000000002a9ab10 code [0x0000000002a9ace0, 0x0000000002a9bd28]
Event: 6.171 Thread 0x000000001831a800 1169       3       java.awt.Insets::<init> (26 bytes)
Event: 6.171 Thread 0x000000001831a800 nmethod 1169 0x0000000002a9bf90 code [0x0000000002a9c0e0, 0x0000000002a9c290]
Event: 6.171 Thread 0x000000001831a800 1170       1       java.awt.Font::hasLayoutAttributes (5 bytes)
Event: 6.171 Thread 0x000000001831a800 nmethod 1170 0x0000000002a9c350 code [0x0000000002a9c4a0, 0x0000000002a9c5b0]
Event: 6.176 Thread 0x000000001830b000 1171       4       java.util.Arrays::binarySearch0 (95 bytes)

GC Heap History (10 events):
Event: 3.242 GC heap before
{Heap before GC invocations=2 (full 0):
 PSYoungGen      total 28672K, used 22253K [0x00000000e0780000, 0x00000000e2780000, 0x0000000100000000)
  eden space 24576K, 74% used [0x00000000e0780000,0x00000000e1943010,0x00000000e1f80000)
  from space 4096K, 99% used [0x00000000e1f80000,0x00000000e2378778,0x00000000e2380000)
  to   space 4096K, 0% used [0x00000000e2380000,0x00000000e2380000,0x00000000e2780000)
 ParOldGen       total 65536K, used 10045K [0x00000000a1600000, 0x00000000a5600000, 0x00000000e0780000)
  object space 65536K, 15% used [0x00000000a1600000,0x00000000a1fcf7b0,0x00000000a5600000)
 Metaspace       used 12850K, capacity 13044K, committed 13312K, reserved 1060864K
  class space    used 1624K, capacity 1706K, committed 1792K, reserved 1048576K
Event: 3.247 GC heap after
Heap after GC invocations=2 (full 0):
 PSYoungGen      total 28672K, used 4081K [0x00000000e0780000, 0x00000000e3f80000, 0x0000000100000000)
  eden space 24576K, 0% used [0x00000000e0780000,0x00000000e0780000,0x00000000e1f80000)
  from space 4096K, 99% used [0x00000000e2380000,0x00000000e277c768,0x00000000e2780000)
  to   space 4096K, 0% used [0x00000000e1f80000,0x00000000e1f80000,0x00000000e2380000)
 ParOldGen       total 65536K, used 22488K [0x00000000a1600000, 0x00000000a5600000, 0x00000000e0780000)
  object space 65536K, 34% used [0x00000000a1600000,0x00000000a2bf6170,0x00000000a5600000)
 Metaspace       used 12850K, capacity 13044K, committed 13312K, reserved 1060864K
  class space    used 1624K, capacity 1706K, committed 1792K, reserved 1048576K
}
Event: 3.282 GC heap before
{Heap before GC invocations=3 (full 0):
 PSYoungGen      total 28672K, used 25358K [0x00000000e0780000, 0x00000000e3f80000, 0x0000000100000000)
  eden space 24576K, 86% used [0x00000000e0780000,0x00000000e1c47300,0x00000000e1f80000)
  from space 4096K, 99% used [0x00000000e2380000,0x00000000e277c768,0x00000000e2780000)
  to   space 4096K, 0% used [0x00000000e1f80000,0x00000000e1f80000,0x00000000e2380000)
 ParOldGen       total 65536K, used 38872K [0x00000000a1600000, 0x00000000a5600000, 0x00000000e0780000)
  object space 65536K, 59% used [0x00000000a1600000,0x00000000a3bf6180,0x00000000a5600000)
 Metaspace       used 12870K, capacity 13044K, committed 13312K, reserved 1060864K
  class space    used 1624K, capacity 1706K, committed 1792K, reserved 1048576K
Event: 3.288 GC heap after
Heap after GC invocations=3 (full 0):
 PSYoungGen      total 28672K, used 4081K [0x00000000e0780000, 0x00000000e3f80000, 0x0000000100000000)
  eden space 24576K, 0% used [0x00000000e0780000,0x00000000e0780000,0x00000000e1f80000)
  from space 4096K, 99% used [0x00000000e1f80000,0x00000000e237c768,0x00000000e2380000)
  to   space 4096K, 0% used [0x00000000e3b80000,0x00000000e3b80000,0x00000000e3f80000)
 ParOldGen       total 65536K, used 54636K [0x00000000a1600000, 0x00000000a5600000, 0x00000000e0780000)
  object space 65536K, 83% used [0x00000000a1600000,0x00000000a4b5b060,0x00000000a5600000)
 Metaspace       used 12870K, capacity 13044K, committed 13312K, reserved 1060864K
  class space    used 1624K, capacity 1706K, committed 1792K, reserved 1048576K
}
Event: 3.288 GC heap before
{Heap before GC invocations=4 (full 1):
 PSYoungGen      total 28672K, used 4081K [0x00000000e0780000, 0x00000000e3f80000, 0x0000000100000000)
  eden space 24576K, 0% used [0x00000000e0780000,0x00000000e0780000,0x00000000e1f80000)
  from space 4096K, 99% used [0x00000000e1f80000,0x00000000e237c768,0x00000000e2380000)
  to   space 4096K, 0% used [0x00000000e3b80000,0x00000000e3b80000,0x00000000e3f80000)
 ParOldGen       total 65536K, used 54636K [0x00000000a1600000, 0x00000000a5600000, 0x00000000e0780000)
  object space 65536K, 83% used [0x00000000a1600000,0x00000000a4b5b060,0x00000000a5600000)
 Metaspace       used 12870K, capacity 13044K, committed 13312K, reserved 1060864K
  class space    used 1624K, capacity 1706K, committed 1792K, reserved 1048576K
Event: 3.311 GC heap after
Heap after GC invocations=4 (full 1):
 PSYoungGen      total 28672K, used 0K [0x00000000e0780000, 0x00000000e3f80000, 0x0000000100000000)
  eden space 24576K, 0% used [0x00000000e0780000,0x00000000e0780000,0x00000000e1f80000)
  from space 4096K, 0% used [0x00000000e1f80000,0x00000000e1f80000,0x00000000e2380000)
  to   space 4096K, 0% used [0x00000000e3b80000,0x00000000e3b80000,0x00000000e3f80000)
 ParOldGen       total 75264K, used 28632K [0x00000000a1600000, 0x00000000a5f80000, 0x00000000e0780000)
  object space 75264K, 38% used [0x00000000a1600000,0x00000000a31f63c8,0x00000000a5f80000)
 Metaspace       used 12870K, capacity 13044K, committed 13312K, reserved 1060864K
  class space    used 1624K, capacity 1706K, committed 1792K, reserved 1048576K
}
Event: 3.460 GC heap before
{Heap before GC invocations=5 (full 1):
 PSYoungGen      total 28672K, used 24576K [0x00000000e0780000, 0x00000000e3f80000, 0x0000000100000000)
  eden space 24576K, 100% used [0x00000000e0780000,0x00000000e1f80000,0x00000000e1f80000)
  from space 4096K, 0% used [0x00000000e1f80000,0x00000000e1f80000,0x00000000e2380000)
  to   space 4096K, 0% used [0x00000000e3b80000,0x00000000e3b80000,0x00000000e3f80000)
 ParOldGen       total 75264K, used 28632K [0x00000000a1600000, 0x00000000a5f80000, 0x00000000e0780000)
  object space 75264K, 38% used [0x00000000a1600000,0x00000000a31f63c8,0x00000000a5f80000)
 Metaspace       used 13189K, capacity 13402K, committed 13568K, reserved 1060864K
  class space    used 1658K, capacity 1741K, committed 1792K, reserved 1048576K
Event: 3.463 GC heap after
Heap after GC invocations=5 (full 1):
 PSYoungGen      total 49152K, used 2621K [0x00000000e0780000, 0x00000000e3e80000, 0x0000000100000000)
  eden space 46080K, 0% used [0x00000000e0780000,0x00000000e0780000,0x00000000e3480000)
  from space 3072K, 85% used [0x00000000e3b80000,0x00000000e3e0f7b0,0x00000000e3e80000)
  to   space 4096K, 0% used [0x00000000e3680000,0x00000000e3680000,0x00000000e3a80000)
 ParOldGen       total 75264K, used 36978K [0x00000000a1600000, 0x00000000a5f80000, 0x00000000e0780000)
  object space 75264K, 49% used [0x00000000a1600000,0x00000000a3a1c8b0,0x00000000a5f80000)
 Metaspace       used 13189K, capacity 13402K, committed 13568K, reserved 1060864K
  class space    used 1658K, capacity 1741K, committed 1792K, reserved 1048576K
}
Event: 3.598 GC heap before
{Heap before GC invocations=6 (full 1):
 PSYoungGen      total 49152K, used 48582K [0x00000000e0780000, 0x00000000e3e80000, 0x0000000100000000)
  eden space 46080K, 99% used [0x00000000e0780000,0x00000000e3462128,0x00000000e3480000)
  from space 3072K, 85% used [0x00000000e3b80000,0x00000000e3e0f7b0,0x00000000e3e80000)
  to   space 4096K, 0% used [0x00000000e3680000,0x00000000e3680000,0x00000000e3a80000)
 ParOldGen       total 75264K, used 36978K [0x00000000a1600000, 0x00000000a5f80000, 0x00000000e0780000)
  object space 75264K, 49% used [0x00000000a1600000,0x00000000a3a1c8b0,0x00000000a5f80000)
 Metaspace       used 13267K, capacity 13466K, committed 13824K, reserved 1060864K
  class space    used 1660K, capacity 1741K, committed 1792K, reserved 1048576K
Event: 3.601 GC heap after
Heap after GC invocations=6 (full 1):
 PSYoungGen      total 52224K, used 3955K [0x00000000e0780000, 0x00000000e8c00000, 0x0000000100000000)
  eden space 48128K, 0% used [0x00000000e0780000,0x00000000e0780000,0x00000000e3680000)
  from space 4096K, 96% used [0x00000000e3680000,0x00000000e3a5cd98,0x00000000e3a80000)
  to   space 25088K, 0% used [0x00000000e7380000,0x00000000e7380000,0x00000000e8c00000)
 ParOldGen       total 75264K, used 42918K [0x00000000a1600000, 0x00000000a5f80000, 0x00000000e0780000)
  object space 75264K, 57% used [0x00000000a1600000,0x00000000a3fe9a40,0x00000000a5f80000)
 Metaspace       used 13267K, capacity 13466K, committed 13824K, reserved 1060864K
  class space    used 1660K, capacity 1741K, committed 1792K, reserved 1048576K
}

Deoptimization events (8 events):
Event: 0.280 Thread 0x000000000251e000 Uncommon trap: reason=null_check action=make_not_entrant pc=0x00000000028212f8 method=java.lang.String.equals(Ljava/lang/Object;)Z @ 8
Event: 0.785 Thread 0x000000000251e000 Uncommon trap: reason=unstable_if action=reinterpret pc=0x0000000002883f40 method=sun.awt.image.ByteInterleavedRaster.putByteData(IIII[B)V @ 395
Event: 3.353 Thread 0x000000001934b800 Uncommon trap: reason=unstable_if action=reinterpret pc=0x00000000029a5a94 method=java.util.regex.Pattern$CharProperty.match(Ljava/util/regex/Matcher;ILjava/lang/CharSequence;)Z @ 5
Event: 3.368 Thread 0x000000001934b800 Uncommon trap: reason=unstable_if action=reinterpret pc=0x0000000002963188 method=sun.net.www.ParseUtil.encodePath(Ljava/lang/String;Z)Ljava/lang/String; @ 109
Event: 3.410 Thread 0x000000001934b800 Uncommon trap: reason=unstable_if action=reinterpret pc=0x00000000029d6d78 method=org.xmlpull.mxp1.MXParser.more()C @ 8
Event: 3.466 Thread 0x000000001934b800 Uncommon trap: reason=unstable_if action=reinterpret pc=0x00000000029f52e4 method=java.io.StringReader.read()I @ 19
Event: 3.466 Thread 0x000000001934b800 Uncommon trap: reason=unstable_if action=reinterpret pc=0x00000000029eea3c method=java.io.StringReader.read()I @ 19
Event: 3.517 Thread 0x000000001934b800 Uncommon trap: reason=unstable_if action=reinterpret pc=0x0000000002a1b3fc method=java.io.StringReader.read()I @ 19

Internal exceptions (10 events):
Event: 0.184 Thread 0x000000000251e000 Exception <a 'java/security/PrivilegedActionException'> (0x00000000e0836238) thrown at [C:\re\workspace\8-2-build-windows-amd64-cygwin\jdk8u121\8372\hotspot\src\share\vm\prims\jvm.cpp, line 1390]
Event: 0.184 Thread 0x000000000251e000 Exception <a 'java/security/PrivilegedActionException'> (0x00000000e083a090) thrown at [C:\re\workspace\8-2-build-windows-amd64-cygwin\jdk8u121\8372\hotspot\src\share\vm\prims\jvm.cpp, line 1390]
Event: 0.184 Thread 0x000000000251e000 Exception <a 'java/security/PrivilegedActionException'> (0x00000000e083a2a0) thrown at [C:\re\workspace\8-2-build-windows-amd64-cygwin\jdk8u121\8372\hotspot\src\share\vm\prims\jvm.cpp, line 1390]
Event: 0.189 Thread 0x000000000251e000 Exception <a 'java/io/FileNotFoundException'> (0x00000000e083c938) thrown at [C:\re\workspace\8-2-build-windows-amd64-cygwin\jdk8u121\8372\hotspot\src\share\vm\prims\jni.cpp, line 709]
Event: 0.225 Thread 0x000000000251e000 Exception <a 'java/lang/NoSuchFieldError': method resolution failed> (0x00000000e0984e28) thrown at [C:\re\workspace\8-2-build-windows-amd64-cygwin\jdk8u121\8372\hotspot\src\share\vm\prims\methodHandles.cpp, line 1146]
Event: 0.226 Thread 0x000000000251e000 Exception <a 'java/lang/NoSuchFieldError': method resolution failed> (0x00000000e09921f8) thrown at [C:\re\workspace\8-2-build-windows-amd64-cygwin\jdk8u121\8372\hotspot\src\share\vm\prims\methodHandles.cpp, line 1146]
Event: 0.280 Thread 0x000000000251e000 Implicit null exception at 0x0000000002821122 to 0x00000000028212e9
Event: 0.289 Thread 0x000000000251e000 Exception <a 'java/io/FileNotFoundException'> (0x00000000e0af0020) thrown at [C:\re\workspace\8-2-build-windows-amd64-cygwin\jdk8u121\8372\hotspot\src\share\vm\prims\jni.cpp, line 709]
Event: 0.689 Thread 0x000000000251e000 Exception <a 'sun/nio/fs/WindowsException'> (0x00000000e1278428) thrown at [C:\re\workspace\8-2-build-windows-amd64-cygwin\jdk8u121\8372\hotspot\src\share\vm\prims\jni.cpp, line 709]
Event: 0.712 Thread 0x000000000251e000 Exception <a 'sun/nio/fs/WindowsException'> (0x00000000e127fb78) thrown at [C:\re\workspace\8-2-build-windows-amd64-cygwin\jdk8u121\8372\hotspot\src\share\vm\prims\jni.cpp, line 709]

Events (10 events):
Event: 3.554 loading class com/thoughtworks/xstream/mapper/Mapper$ImplicitCollectionMapping
Event: 3.554 loading class com/thoughtworks/xstream/mapper/Mapper$ImplicitCollectionMapping done
Event: 3.598 Executing VM operation: ParallelGCFailedAllocation
Event: 3.601 Executing VM operation: ParallelGCFailedAllocation done
Event: 4.167 Executing VM operation: EnableBiasedLocking
Event: 4.167 Executing VM operation: EnableBiasedLocking done
Event: 6.169 loading class model/ShapePool$ShapeIterator
Event: 6.169 loading class model/ShapePool$ShapeIterator done
Event: 6.170 loading class java/time/temporal/ValueRange
Event: 6.170 loading class java/time/temporal/ValueRange done


Dynamic libraries:
0x00007ff78e180000 - 0x00007ff78e1b7000 	C:\Program Files\Java\jre1.8.0_121\bin\javaw.exe
0x00007ffd696a0000 - 0x00007ffd69871000 	C:\Windows\SYSTEM32\ntdll.dll
0x00007ffd67280000 - 0x00007ffd6732b000 	C:\Windows\System32\KERNEL32.DLL
0x00007ffd66270000 - 0x00007ffd6648d000 	C:\Windows\System32\KERNELBASE.dll
0x00007ffd66ca0000 - 0x00007ffd66d42000 	C:\Windows\System32\ADVAPI32.dll
0x00007ffd673a0000 - 0x00007ffd6743e000 	C:\Windows\System32\msvcrt.dll
0x00007ffd66c40000 - 0x00007ffd66c99000 	C:\Windows\System32\sechost.dll
0x00007ffd68de0000 - 0x00007ffd68f01000 	C:\Windows\System32\RPCRT4.dll
0x00007ffd694b0000 - 0x00007ffd69615000 	C:\Windows\System32\USER32.dll
0x00007ffd65b70000 - 0x00007ffd65b8e000 	C:\Windows\System32\win32u.dll
0x00007ffd67440000 - 0x00007ffd67474000 	C:\Windows\System32\GDI32.dll
0x00007ffd66560000 - 0x00007ffd666e2000 	C:\Windows\System32\gdi32full.dll
0x00007ffd64190000 - 0x00007ffd64409000 	C:\Windows\WinSxS\amd64_microsoft.windows.common-controls_6595b64144ccf1df_6.0.14393.447_none_42191651c6827bb3\COMCTL32.dll
0x00007ffd66fb0000 - 0x00007ffd67278000 	C:\Windows\System32\combase.dll
0x00007ffd66a10000 - 0x00007ffd66b05000 	C:\Windows\System32\ucrtbase.dll
0x00007ffd664f0000 - 0x00007ffd6655a000 	C:\Windows\System32\bcryptPrimitives.dll
0x00007ffd66c10000 - 0x00007ffd66c3e000 	C:\Windows\System32\IMM32.DLL
0x00007ffd56790000 - 0x00007ffd567c1800 	C:\Windows\system32\DriverStore\FileRepository\nvdmi.inf_amd64_fd06216336fcf4a2\nvinitx.dll
0x00007ffd646a0000 - 0x00007ffd646aa000 	C:\Windows\SYSTEM32\VERSION.dll
0x00007ffd678d0000 - 0x00007ffd68dd9000 	C:\Windows\System32\Shell32.dll
0x00007ffd66b10000 - 0x00007ffd66b52000 	C:\Windows\System32\cfgmgr32.dll
0x00007ffd65b90000 - 0x00007ffd6626a000 	C:\Windows\System32\windows.storage.dll
0x00007ffd65ae0000 - 0x00007ffd65b2c000 	C:\Windows\System32\powrprof.dll
0x00007ffd68f10000 - 0x00007ffd68f62000 	C:\Windows\System32\shlwapi.dll
0x00007ffd65b60000 - 0x00007ffd65b6f000 	C:\Windows\System32\kernel.appcore.dll
0x00007ffd668c0000 - 0x00007ffd66969000 	C:\Windows\System32\shcore.dll
0x00007ffd65b30000 - 0x00007ffd65b44000 	C:\Windows\System32\profapi.dll
0x00000000746b0000 - 0x00000000746b6000 	C:\Program Files\NVIDIA Corporation\CoProcManager\_etoured.dll
0x00007ffd56740000 - 0x00007ffd56780800 	C:\Program Files\NVIDIA Corporation\CoProcManager\nvd3d9wrapx.dll
0x00007ffd67490000 - 0x00007ffd678b9000 	C:\Windows\System32\SETUPAPI.dll
0x00007ffd56710000 - 0x00007ffd5673a000 	C:\Program Files\NVIDIA Corporation\CoProcManager\nvdxgiwrapx.dll
0x00000000744d0000 - 0x00000000745a2000 	C:\Program Files\Java\jre1.8.0_121\bin\msvcr100.dll
0x0000000072220000 - 0x0000000072abb000 	C:\Program Files\Java\jre1.8.0_121\bin\server\jvm.dll
0x00007ffd67480000 - 0x00007ffd67488000 	C:\Windows\System32\PSAPI.DLL
0x00007ffd63540000 - 0x00007ffd63563000 	C:\Windows\SYSTEM32\WINMM.dll
0x00007ffd640a0000 - 0x00007ffd640a9000 	C:\Windows\SYSTEM32\WSOCK32.dll
0x00007ffd69620000 - 0x00007ffd6968a000 	C:\Windows\System32\WS2_32.dll
0x00007ffd63510000 - 0x00007ffd6353b000 	C:\Windows\SYSTEM32\WINMMBASE.dll
0x00000000747d0000 - 0x00000000747df000 	C:\Program Files\Java\jre1.8.0_121\bin\verify.dll
0x00000000747a0000 - 0x00000000747c9000 	C:\Program Files\Java\jre1.8.0_121\bin\java.dll
0x0000000074780000 - 0x0000000074796000 	C:\Program Files\Java\jre1.8.0_121\bin\zip.dll
0x0000000071a60000 - 0x0000000071bf8000 	C:\Program Files\Java\jre1.8.0_121\bin\awt.dll
0x00007ffd69230000 - 0x00007ffd692ef000 	C:\Windows\System32\OLEAUT32.dll
0x00007ffd66970000 - 0x00007ffd66a0c000 	C:\Windows\System32\msvcp_win.dll
0x00007ffd63090000 - 0x00007ffd6310a000 	C:\Windows\SYSTEM32\apphelp.dll
0x00007ffd63850000 - 0x00007ffd638e5000 	C:\Windows\system32\uxtheme.dll
0x00007ffd66e50000 - 0x00007ffd66fab000 	C:\Windows\System32\MSCTF.dll
0x00007ffd632b0000 - 0x00007ffd632d6000 	C:\Windows\system32\dwmapi.dll
0x00007ffd69370000 - 0x00007ffd694a7000 	C:\Windows\System32\ole32.dll
0x0000000074480000 - 0x00000000744c7000 	C:\Program Files\Java\jre1.8.0_121\bin\fontmanager.dll
0x00007ffd51c60000 - 0x00007ffd51d83000 	C:\Windows\system32\opengl32.dll
0x00007ffd58ea0000 - 0x00007ffd58ecd000 	C:\Windows\SYSTEM32\GLU32.dll
0x00007ffd56880000 - 0x00007ffd56977000 	C:\Windows\SYSTEM32\DDRAW.dll
0x00007ffd5ddc0000 - 0x00007ffd5ddc8000 	C:\Windows\SYSTEM32\DCIMAN32.dll
0x0000000074760000 - 0x000000007477a000 	C:\Program Files\Java\jre1.8.0_121\bin\net.dll
0x00007ffd65110000 - 0x00007ffd6516c000 	C:\Windows\system32\mswsock.dll
0x0000000074740000 - 0x0000000074751000 	C:\Program Files\Java\jre1.8.0_121\bin\nio.dll
0x0000000074430000 - 0x0000000074472000 	C:\Program Files\Java\jre1.8.0_121\bin\t2k.dll
0x00007ffd64bf0000 - 0x00007ffd64c22000 	C:\Windows\SYSTEM32\ntmarta.dll
0x00000000746c0000 - 0x00000000746f1000 	C:\Program Files\Java\jre1.8.0_121\bin\jpeg.dll
0x00007ffd66d50000 - 0x00007ffd66def000 	C:\Windows\System32\clbcatq.dll
0x00007ffd602c0000 - 0x00007ffd60468000 	C:\Windows\SYSTEM32\WindowsCodecs.dll
0x00007ffd4fe80000 - 0x00007ffd4fec9000 	C:\Windows\system32\dataexchange.dll
0x00007ffd62ad0000 - 0x00007ffd62c21000 	C:\Windows\system32\dcomp.dll
0x00007ffd605a0000 - 0x00007ffd60856000 	C:\Windows\system32\d3d11.dll
0x00007ffd64740000 - 0x00007ffd647df000 	C:\Windows\system32\dxgi.dll
0x00007ffd63ac0000 - 0x00007ffd63bdc000 	C:\Windows\system32\twinapi.appcore.dll
0x00007ffd656f0000 - 0x00007ffd6571b000 	C:\Windows\system32\bcrypt.dll
0x00007ffd65740000 - 0x00007ffd658d2000 	C:\Windows\SYSTEM32\dbghelp.dll

VM Arguments:
jvm_args: -Dfile.encoding=Cp1256 
java_command: controller.Time
java_class_path (initial): C:\Users\DELL\git\circusgame\CircusOfPlates\bin;C:\Users\DELL\git\circusgame\CircusOfPlates\GameData;C:\Users\DELL\git\circusgame\CircusOfPlates\logs;C:\Users\DELL\git\circusgame\CircusOfPlates\properties;C:\Users\DELL\git\circusgame\CircusOfPlates\gson-2.3.1.jar;C:\Users\DELL\git\circusgame\CircusOfPlates\log4j-api-2.6.2.jar;C:\Users\DELL\git\circusgame\CircusOfPlates\log4j-core-2.6.2.jar;C:\Users\DELL\git\circusgame\CircusOfPlates\img;C:\Users\DELL\git\circusgame\CircusOfPlates\coloredImages;C:\Users\DELL\git\circusgame\CircusOfPlates\jars\jackson-annotations-2.8.0.jar;C:\Users\DELL\git\circusgame\CircusOfPlates\jars\jackson-core-2.8.1.jar;C:\Users\DELL\git\circusgame\CircusOfPlates\jars\jackson-databind-2.8.1.jar;C:\Users\DELL\git\circusgame\CircusOfPlates\xmlpull-1.1.3.1.jar;C:\Users\DELL\git\circusgame\CircusOfPlates\xpp3_min-1.1.4c.jar;C:\Users\DELL\git\circusgame\CircusOfPlates\xstream-1.4.9.jar
Launcher Type: SUN_STANDARD

Environment Variables:
CLASSPATH=.;C:\Program Files (x86)\Java\jre6\lib\ext\QTJava.zip
PATH=C:/Program Files/Java/jre1.8.0_121/bin/server;C:/Program Files/Java/jre1.8.0_121/bin;C:/Program Files/Java/jre1.8.0_121/lib/amd64;C:\Xilinx\10.1\ISE\bin\nt;C:\Xilinx\10.1\ISE\lib\nt;C:\Xilinx\10.1\ISE\smartmodel\nt\installed_nt\lib\pcnt.lib;C:\ProgramData\Oracle\Java\javapath;C:\Program Files\Common Files\Microsoft Shared\Windows Live;C:\Program Files (x86)\Common Files\Microsoft Shared\Windows Live;C:\windows\system32;C:\windows;C:\windows\System32\Wbem;c:\Program Files (x86)\Common Files\Roxio Shared\OEM\DLLShared\;c:\Program Files (x86)\Common Files\Roxio Shared\OEM\12.0\DLLShared\;c:\Program Files (x86)\Roxio\OEM\AudioCore\;C:\Program Files (x86)\Windows Live\Shared;C:\windows\System32\WindowsPowerShell\v1.0\;C:\Program Files (x86)\QuickTime\QTSystem\;C:\Program Files (x86)\Intel\OpenCL SDK\2.0\bin\x86;C:\Program Files (x86)\Intel\OpenCL SDK\2.0\bin\x64;C:\Program Files (x86)\NVIDIA Corporation\PhysX\Common;C:\Program Files (x86)\Skype\Phone\;C:\WINDOWS\system32;C:\WINDOWS;C:\WINDOWS\System32\Wbem;C:\WINDOWS\System32\WindowsPowerShell\v1.0\;C:\Program Files (x86)\Common Files\lenovo\easyplussdk\bin;C:\Windows\system32;C:\Windows;C:\Windows\System32\Wbem;C:\Windows\System32\WindowsPowerShell\v1.0\;C:\Program Files\MATLAB\R2013a\runtime\win64;C:\Program Files\MATLAB\R2013a\bin;C:\Program Files\nodejs\;C:\Program Files (x86)\MySQL\MySQL Fabric 1.5 & MySQL Utilities 1.5\;C:\Program Files (x86)\MySQL\MySQL Fabric 1.5 & MySQL Utilities 1.5\Doctrine extensions for PHP\;C:\Program Files (x86)\OpenVPN\bin;C:\Program Files (x86)\Google\google_appengine\;C:\Users\DELL\AppData\Roaming\npm;%USERPROFILE%\AppData\Local\Microsoft\WindowsApps;;C:\Users\DELL\Desktop\Main\eclipse;
USERNAME=DELL
OS=Windows_NT
PROCESSOR_IDENTIFIER=Intel64 Family 6 Model 42 Stepping 7, GenuineIntel



---------------  S Y S T E M  ---------------

OS: Windows 10.0 , 64 bit Build 14393 (10.0.14393.0)

CPU:total 8 (4 cores per cpu, 2 threads per core) family 6 model 42 stepping 7, cmov, cx8, fxsr, mmx, sse, sse2, sse3, ssse3, sse4.1, sse4.2, popcnt, avx, aes, clmul, ht, tsc, tscinvbit

Memory: 4k page, physical 6196396k(1795256k free), swap 12487852k(5372540k free)

vm_info: Java HotSpot(TM) 64-Bit Server VM (25.121-b13) for windows-amd64 JRE (1.8.0_121-b13), built on Dec 12 2016 18:21:36 by "java_re" with MS VC++ 10.0 (VS2010)

time: Thu Jan 26 05:46:50 2017
elapsed time: 6 seconds (0d 0h 0m 6s)

