#
# A fatal error has been detected by the Java Runtime Environment:
#
#  EXCEPTION_ACCESS_VIOLATION (0xc0000005) at pc=0x0000000071acbf54, pid=16412, tid=0x0000000000001020
#
# JRE version: Java(TM) SE Runtime Environment (8.0_121-b13) (build 1.8.0_121-b13)
# Java VM: Java HotSpot(TM) 64-Bit Server VM (25.121-b13 mixed mode windows-amd64 compressed oops)
# Problematic frame:
# C  [awt.dll+0x6bf54]
#
# Failed to write core dump. Minidumps are not enabled by default on client versions of Windows
#
# If you would like to submit a bug report, please visit:
#   http://bugreport.java.com/bugreport/crash.jsp
# The crash happened outside the Java Virtual Machine in native code.
# See problematic frame for where to report the bug.
#

---------------  T H R E A D  ---------------

Current thread (0x0000000019116800):  JavaThread "AWT-EventQueue-0" [_thread_in_native, id=4128, stack(0x000000001a180000,0x000000001a280000)]

siginfo: ExceptionCode=0xc0000005, reading address 0x0000000019f7c790

Registers:
RAX=0x0000000019f7c770, RBX=0x00000000191169f8, RCX=0x00000000191169f8, RDX=0x000000001a27c600
RSP=0x000000001a2780e0, RBP=0x000000001a278201, RSI=0x000000001a27c600, RDI=0x0000000019f7c770
R8 =0x0000000000000042, R9 =0x00000000a37826a8, R10=0x0000000000000014, R11=0x0000000072a2d358
R12=0x000000001a27c600, R13=0x000000001a27c5e8, R14=0x000000001a27c5f8, R15=0x000000000000027c
RIP=0x0000000071acbf54, EFLAGS=0x0000000000010202

Top of Stack: (sp=0x000000001a2780e0)
0x000000001a2780e0:   000000001a2782d0 00000000190da980
0x000000001a2780f0:   0000000000000078 000000024aaaaaaa
0x000000001a278100:   00000000191169f8 0000000071ad1907
0x000000001a278110:   0000000071ba21a8 000000001a278210
0x000000001a278120:   000000001a27c5f0 000000abd333331b
0x000000001a278130:   0000000400000000 000000ab00000078
0x000000001a278140:   0000000000000001 000000001a278230
0x000000001a278150:   0000000000001378 0000000071ba5b38
0x000000001a278160:   00000000000006b8 000000001a071868
0x000000001a278170:   000000001a0575d0 0000000015f5e188
0x000000001a278180:   000000001a03bf30 000000001a0559c8
0x000000001a278190:   0000080000000163 00000000190da980
0x000000001a2781a0:   000000001a27c5e0 000000001a27a3f0
0x000000001a2781b0:   00000000190d9c80 000000b02cccccb4
0x000000001a2781c0:   0000000000000000 0000000071a8fa30
0x000000001a2781d0:   0000000459999999 00000000191169f8 

Instructions: (pc=0x0000000071acbf54)
0x0000000071acbf34:   00 4c 8d 05 7c 2e 09 00 ff 50 70 eb 24 48 8d 15
0x0000000071acbf44:   58 2e 09 00 e8 33 24 07 00 eb 16 40 84 ed 74 11
0x0000000071acbf54:   48 8b 40 20 48 85 c0 74 08 48 8b d7 48 8b cb ff
0x0000000071acbf64:   d0 48 8b c7 48 8b 5c 24 30 48 8b 6c 24 38 48 8b 


Register to memory mapping:

RAX=0x0000000019f7c770 is an unknown value
RBX=0x00000000191169f8 is an unknown value
RCX=0x00000000191169f8 is an unknown value
RDX=0x000000001a27c600 is pointing into the stack for thread: 0x0000000019116800
RSP=0x000000001a2780e0 is pointing into the stack for thread: 0x0000000019116800
RBP=0x000000001a278201 is pointing into the stack for thread: 0x0000000019116800
RSI=0x000000001a27c600 is pointing into the stack for thread: 0x0000000019116800
RDI=0x0000000019f7c770 is an unknown value
R8 =0x0000000000000042 is an unknown value
R9 =0x00000000a37826a8 is an oop
sun.awt.image.BufImgSurfaceData 
 - klass: 'sun/awt/image/BufImgSurfaceData'
R10=0x0000000000000014 is an unknown value
R11=0x0000000072a2d358 is an unknown value
R12=0x000000001a27c600 is pointing into the stack for thread: 0x0000000019116800
R13=0x000000001a27c5e8 is pointing into the stack for thread: 0x0000000019116800
R14=0x000000001a27c5f8 is pointing into the stack for thread: 0x0000000019116800
R15=0x000000000000027c is an unknown value


Stack: [0x000000001a180000,0x000000001a280000],  sp=0x000000001a2780e0,  free space=992k
Native frames: (J=compiled Java code, j=interpreted, Vv=VM code, C=native code)
C  [awt.dll+0x6bf54]
C  [awt.dll+0x71907]
C  0x0000000002477f74

Java frames: (J=compiled Java code, j=interpreted, Vv=VM code)
j  sun.java2d.loops.TransformHelper.Transform(Lsun/java2d/loops/MaskBlit;Lsun/java2d/SurfaceData;Lsun/java2d/SurfaceData;Ljava/awt/Composite;Lsun/java2d/pipe/Region;Ljava/awt/geom/AffineTransform;IIIIIIIII[III)V+0
j  sun.java2d.pipe.DrawImage.renderImageXform(Lsun/java2d/SunGraphics2D;Ljava/awt/Image;Ljava/awt/geom/AffineTransform;IIIIILjava/awt/Color;)V+542
j  sun.java2d.pipe.DrawImage.transformImage(Lsun/java2d/SunGraphics2D;Ljava/awt/Image;Ljava/awt/geom/AffineTransform;IIIIILjava/awt/Color;)V+120
j  sun.java2d.pipe.DrawImage.scaleImage(Lsun/java2d/SunGraphics2D;Ljava/awt/Image;IIIILjava/awt/Color;)Z+181
j  sun.java2d.pipe.DrawImage.scaleImage(Lsun/java2d/SunGraphics2D;Ljava/awt/Image;IIIILjava/awt/Color;Ljava/awt/image/ImageObserver;)Z+19
J 765 C1 sun.java2d.SunGraphics2D.drawImage(Ljava/awt/Image;IIIILjava/awt/Color;Ljava/awt/image/ImageObserver;)Z (197 bytes) @ 0x00000000026fc70c [0x00000000026fbd20+0x9ec]
J 764 C1 sun.java2d.SunGraphics2D.drawImage(Ljava/awt/Image;IIIILjava/awt/image/ImageObserver;)Z (15 bytes) @ 0x00000000026fe104 [0x00000000026fe000+0x104]
j  view.GUI$DrawingArea.paintComponent(Ljava/awt/Graphics;)V+428
j  javax.swing.JComponent.paint(Ljava/awt/Graphics;)V+286
j  javax.swing.JComponent.paintToOffscreen(Ljava/awt/Graphics;IIIIII)V+41
j  javax.swing.RepaintManager$PaintManager.paintDoubleBuffered(Ljavax/swing/JComponent;Ljava/awt/Image;Ljava/awt/Graphics;IIII)V+163
j  javax.swing.RepaintManager$PaintManager.paint(Ljavax/swing/JComponent;Ljavax/swing/JComponent;Ljava/awt/Graphics;IIII)Z+116
j  javax.swing.RepaintManager.paint(Ljavax/swing/JComponent;Ljavax/swing/JComponent;Ljava/awt/Graphics;IIII)V+51
j  javax.swing.JComponent._paintImmediately(IIII)V+683
j  javax.swing.JComponent.paintImmediately(IIII)V+138
j  javax.swing.RepaintManager$4.run()Ljava/lang/Void;+81
j  javax.swing.RepaintManager$4.run()Ljava/lang/Object;+1
v  ~StubRoutines::call_stub
J 571  java.security.AccessController.doPrivileged(Ljava/security/PrivilegedAction;Ljava/security/AccessControlContext;)Ljava/lang/Object; (0 bytes) @ 0x0000000002693726 [0x00000000026936c0+0x66]
J 578 C1 java.security.ProtectionDomain$JavaSecurityAccessImpl.doIntersectionPrivilege(Ljava/security/PrivilegedAction;Ljava/security/AccessControlContext;Ljava/security/AccessControlContext;)Ljava/lang/Object; (22 bytes) @ 0x0000000002694d6c [0x0000000002694900+0x46c]
j  javax.swing.RepaintManager.paintDirtyRegions(Ljava/util/Map;)V+154
j  javax.swing.RepaintManager.paintDirtyRegions()V+46
j  javax.swing.RepaintManager.prePaintDirtyRegions()V+73
j  javax.swing.RepaintManager.access$1200(Ljavax/swing/RepaintManager;)V+1
j  javax.swing.RepaintManager$ProcessingRunnable.run()V+37
J 767 C1 java.awt.event.InvocationEvent.dispatch()V (69 bytes) @ 0x00000000026ffd14 [0x00000000026ffb00+0x214]
j  java.awt.EventQueue.dispatchEventImpl(Ljava/awt/AWTEvent;Ljava/lang/Object;)V+21
J 773 C1 java.awt.EventQueue$3.run()Ljava/lang/Void; (60 bytes) @ 0x00000000027083cc [0x00000000027081c0+0x20c]
J 772 C1 java.awt.EventQueue$3.run()Ljava/lang/Object; (5 bytes) @ 0x00000000026fb80c [0x00000000026fb780+0x8c]
v  ~StubRoutines::call_stub
J 571  java.security.AccessController.doPrivileged(Ljava/security/PrivilegedAction;Ljava/security/AccessControlContext;)Ljava/lang/Object; (0 bytes) @ 0x0000000002693726 [0x00000000026936c0+0x66]
J 646 C1 java.awt.EventQueue.dispatchEvent(Ljava/awt/AWTEvent;)V (80 bytes) @ 0x00000000026b3644 [0x00000000026b2cc0+0x984]
j  java.awt.EventDispatchThread.pumpOneEventForFilters(I)V+245
j  java.awt.EventDispatchThread.pumpEventsForFilter(ILjava/awt/Conditional;Ljava/awt/EventFilter;)V+35
j  java.awt.EventDispatchThread.pumpEventsForHierarchy(ILjava/awt/Conditional;Ljava/awt/Component;)V+11
j  java.awt.EventDispatchThread.pumpEvents(ILjava/awt/Conditional;)V+4
j  java.awt.EventDispatchThread.pumpEvents(Ljava/awt/Conditional;)V+3
j  java.awt.EventDispatchThread.run()V+9
v  ~StubRoutines::call_stub

---------------  P R O C E S S  ---------------

Java Threads: ( => current thread )
  0x00000000190e1800 JavaThread "TimerQueue" daemon [_thread_blocked, id=9464, stack(0x000000001aca0000,0x000000001ada0000)]
=>0x0000000019116800 JavaThread "AWT-EventQueue-0" [_thread_in_native, id=4128, stack(0x000000001a180000,0x000000001a280000)]
  0x0000000018faa800 JavaThread "AWT-Windows" daemon [_thread_in_native, id=20312, stack(0x0000000019940000,0x0000000019a40000)]
  0x0000000018fa9800 JavaThread "AWT-Shutdown" [_thread_blocked, id=17464, stack(0x0000000019840000,0x0000000019940000)]
  0x0000000018fa5000 JavaThread "Java2D Disposer" daemon [_thread_blocked, id=11272, stack(0x0000000019740000,0x0000000019840000)]
  0x000000001813d800 JavaThread "Service Thread" daemon [_thread_blocked, id=19416, stack(0x0000000018c10000,0x0000000018d10000)]
  0x00000000180aa800 JavaThread "C1 CompilerThread3" daemon [_thread_blocked, id=18276, stack(0x0000000018b10000,0x0000000018c10000)]
  0x000000001809c800 JavaThread "C2 CompilerThread2" daemon [_thread_blocked, id=3976, stack(0x0000000018a10000,0x0000000018b10000)]
  0x000000001809b000 JavaThread "C2 CompilerThread1" daemon [_thread_blocked, id=19504, stack(0x0000000018910000,0x0000000018a10000)]
  0x0000000018098000 JavaThread "C2 CompilerThread0" daemon [_thread_blocked, id=12604, stack(0x0000000018810000,0x0000000018910000)]
  0x0000000018095000 JavaThread "Attach Listener" daemon [_thread_blocked, id=12644, stack(0x0000000018710000,0x0000000018810000)]
  0x0000000018094800 JavaThread "Signal Dispatcher" daemon [_thread_blocked, id=13024, stack(0x0000000018610000,0x0000000018710000)]
  0x0000000018040800 JavaThread "Finalizer" daemon [_thread_blocked, id=19200, stack(0x0000000018420000,0x0000000018520000)]
  0x0000000002457800 JavaThread "Reference Handler" daemon [_thread_blocked, id=17996, stack(0x0000000017f20000,0x0000000018020000)]
  0x000000000222e000 JavaThread "main" [_thread_blocked, id=14932, stack(0x0000000002230000,0x0000000002330000)]

Other Threads:
  0x0000000016159800 VMThread [stack: 0x0000000017e20000,0x0000000017f20000] [id=12456]
  0x00000000181a9800 WatcherThread [stack: 0x0000000018d10000,0x0000000018e10000] [id=17436]

VM state:not at safepoint (normal execution)

VM Mutex/Monitor currently owned by a thread: None

Heap:
 PSYoungGen      total 53248K, used 14419K [0x00000000e0780000, 0x00000000e8d00000, 0x0000000100000000)
  eden space 49152K, 21% used [0x00000000e0780000,0x00000000e11a8868,0x00000000e3780000)
  from space 4096K, 98% used [0x00000000e3780000,0x00000000e3b6c4d0,0x00000000e3b80000)
  to   space 23040K, 0% used [0x00000000e7680000,0x00000000e7680000,0x00000000e8d00000)
 ParOldGen       total 84992K, used 44775K [0x00000000a1600000, 0x00000000a6900000, 0x00000000e0780000)
  object space 84992K, 52% used [0x00000000a1600000,0x00000000a41b9cc0,0x00000000a6900000)
 Metaspace       used 13436K, capacity 13594K, committed 13824K, reserved 1060864K
  class space    used 1661K, capacity 1741K, committed 1792K, reserved 1048576K

Card table byte_map: [0x0000000011820000,0x0000000011b20000] byte_map_base: 0x0000000011315000

Marking Bits: (ParMarkBitMap*) 0x0000000072a3b6d0
 Begin Bits: [0x0000000012520000, 0x0000000013cc8000)
 End Bits:   [0x0000000013cc8000, 0x0000000015470000)

Polling page: 0x0000000000560000

CodeCache: size=245760Kb used=4292Kb max_used=4299Kb free=241467Kb
 bounds [0x0000000002460000, 0x00000000028a0000, 0x0000000011460000]
 total_blobs=1819 nmethods=1316 adapters=415
 compilation: enabled

Compilation events (10 events):
Event: 3.752 Thread 0x00000000180aa800 nmethod 1311 0x0000000002884010 code [0x0000000002884160, 0x0000000002884270]
Event: 3.752 Thread 0x00000000180aa800 1312       1       com.thoughtworks.xstream.core.util.FastField::getDeclaringClass (5 bytes)
Event: 3.753 Thread 0x00000000180aa800 nmethod 1312 0x0000000002883d50 code [0x0000000002883ea0, 0x0000000002883fb0]
Event: 3.755 Thread 0x00000000180aa800 1313       1       java.awt.Font::hasLayoutAttributes (5 bytes)
Event: 3.755 Thread 0x00000000180aa800 nmethod 1313 0x00000000028839d0 code [0x0000000002883b20, 0x0000000002883c30]
Event: 3.755 Thread 0x00000000180aa800 1314       3       javax.swing.KeyboardManager$ComponentKeyStrokePair::hashCode (16 bytes)
Event: 3.755 Thread 0x0000000018098000 nmethod 1309 0x0000000002892490 code [0x00000000028925e0, 0x0000000002892898]
Event: 3.755 Thread 0x00000000180aa800 nmethod 1314 0x000000000288ddd0 code [0x000000000288df40, 0x000000000288e238]
Event: 3.755 Thread 0x00000000180aa800 1315       3       javax.swing.KeyboardManager$ComponentKeyStrokePair::equals (48 bytes)
Event: 3.756 Thread 0x00000000180aa800 nmethod 1315 0x000000000288d4d0 code [0x000000000288d660, 0x000000000288dc18]

GC Heap History (10 events):
Event: 3.339 GC heap before
{Heap before GC invocations=2 (full 0):
 PSYoungGen      total 28672K, used 23097K [0x00000000e0780000, 0x00000000e2780000, 0x0000000100000000)
  eden space 24576K, 77% used [0x00000000e0780000,0x00000000e1a11d20,0x00000000e1f80000)
  from space 4096K, 99% used [0x00000000e1f80000,0x00000000e237c768,0x00000000e2380000)
  to   space 4096K, 0% used [0x00000000e2380000,0x00000000e2380000,0x00000000e2780000)
 ParOldGen       total 65536K, used 10705K [0x00000000a1600000, 0x00000000a5600000, 0x00000000e0780000)
  object space 65536K, 16% used [0x00000000a1600000,0x00000000a2074630,0x00000000a5600000)
 Metaspace       used 13015K, capacity 13172K, committed 13312K, reserved 1060864K
  class space    used 1625K, capacity 1706K, committed 1792K, reserved 1048576K
Event: 3.345 GC heap after
Heap after GC invocations=2 (full 0):
 PSYoungGen      total 28672K, used 4081K [0x00000000e0780000, 0x00000000e3f80000, 0x0000000100000000)
  eden space 24576K, 0% used [0x00000000e0780000,0x00000000e0780000,0x00000000e1f80000)
  from space 4096K, 99% used [0x00000000e2380000,0x00000000e277c768,0x00000000e2780000)
  to   space 4096K, 0% used [0x00000000e1f80000,0x00000000e1f80000,0x00000000e2380000)
 ParOldGen       total 65536K, used 23471K [0x00000000a1600000, 0x00000000a5600000, 0x00000000e0780000)
  object space 65536K, 35% used [0x00000000a1600000,0x00000000a2cebcd0,0x00000000a5600000)
 Metaspace       used 13015K, capacity 13172K, committed 13312K, reserved 1060864K
  class space    used 1625K, capacity 1706K, committed 1792K, reserved 1048576K
}
Event: 3.380 GC heap before
{Heap before GC invocations=3 (full 0):
 PSYoungGen      total 28672K, used 25604K [0x00000000e0780000, 0x00000000e3f80000, 0x0000000100000000)
  eden space 24576K, 87% used [0x00000000e0780000,0x00000000e1c848f0,0x00000000e1f80000)
  from space 4096K, 99% used [0x00000000e2380000,0x00000000e277c768,0x00000000e2780000)
  to   space 4096K, 0% used [0x00000000e1f80000,0x00000000e1f80000,0x00000000e2380000)
 ParOldGen       total 65536K, used 39855K [0x00000000a1600000, 0x00000000a5600000, 0x00000000e0780000)
  object space 65536K, 60% used [0x00000000a1600000,0x00000000a3cebce0,0x00000000a5600000)
 Metaspace       used 13030K, capacity 13236K, committed 13568K, reserved 1060864K
  class space    used 1625K, capacity 1706K, committed 1792K, reserved 1048576K
Event: 3.383 GC heap after
Heap after GC invocations=3 (full 0):
 PSYoungGen      total 28672K, used 4081K [0x00000000e0780000, 0x00000000e3f80000, 0x0000000100000000)
  eden space 24576K, 0% used [0x00000000e0780000,0x00000000e0780000,0x00000000e1f80000)
  from space 4096K, 99% used [0x00000000e1f80000,0x00000000e237c768,0x00000000e2380000)
  to   space 4096K, 0% used [0x00000000e3b80000,0x00000000e3b80000,0x00000000e3f80000)
 ParOldGen       total 65536K, used 47402K [0x00000000a1600000, 0x00000000a5600000, 0x00000000e0780000)
  object space 65536K, 72% used [0x00000000a1600000,0x00000000a444abb0,0x00000000a5600000)
 Metaspace       used 13030K, capacity 13236K, committed 13568K, reserved 1060864K
  class space    used 1625K, capacity 1706K, committed 1792K, reserved 1048576K
}
Event: 3.522 GC heap before
{Heap before GC invocations=4 (full 0):
 PSYoungGen      total 28672K, used 28657K [0x00000000e0780000, 0x00000000e3f80000, 0x0000000100000000)
  eden space 24576K, 100% used [0x00000000e0780000,0x00000000e1f80000,0x00000000e1f80000)
  from space 4096K, 99% used [0x00000000e1f80000,0x00000000e237c768,0x00000000e2380000)
  to   space 4096K, 0% used [0x00000000e3b80000,0x00000000e3b80000,0x00000000e3f80000)
 ParOldGen       total 65536K, used 47402K [0x00000000a1600000, 0x00000000a5600000, 0x00000000e0780000)
  object space 65536K, 72% used [0x00000000a1600000,0x00000000a444abb0,0x00000000a5600000)
 Metaspace       used 13358K, capacity 13530K, committed 13824K, reserved 1060864K
  class space    used 1659K, capacity 1741K, committed 1792K, reserved 1048576K
Event: 3.530 GC heap after
Heap after GC invocations=4 (full 0):
 PSYoungGen      total 53248K, used 4081K [0x00000000e0780000, 0x00000000e3f80000, 0x0000000100000000)
  eden space 49152K, 0% used [0x00000000e0780000,0x00000000e0780000,0x00000000e3780000)
  from space 4096K, 99% used [0x00000000e3b80000,0x00000000e3f7c768,0x00000000e3f80000)
  to   space 4096K, 0% used [0x00000000e3780000,0x00000000e3780000,0x00000000e3b80000)
 ParOldGen       total 65536K, used 61963K [0x00000000a1600000, 0x00000000a5600000, 0x00000000e0780000)
  object space 65536K, 94% used [0x00000000a1600000,0x00000000a5282f28,0x00000000a5600000)
 Metaspace       used 13358K, capacity 13530K, committed 13824K, reserved 1060864K
  class space    used 1659K, capacity 1741K, committed 1792K, reserved 1048576K
}
Event: 3.530 GC heap before
{Heap before GC invocations=5 (full 1):
 PSYoungGen      total 53248K, used 4081K [0x00000000e0780000, 0x00000000e3f80000, 0x0000000100000000)
  eden space 49152K, 0% used [0x00000000e0780000,0x00000000e0780000,0x00000000e3780000)
  from space 4096K, 99% used [0x00000000e3b80000,0x00000000e3f7c768,0x00000000e3f80000)
  to   space 4096K, 0% used [0x00000000e3780000,0x00000000e3780000,0x00000000e3b80000)
 ParOldGen       total 65536K, used 61963K [0x00000000a1600000, 0x00000000a5600000, 0x00000000e0780000)
  object space 65536K, 94% used [0x00000000a1600000,0x00000000a5282f28,0x00000000a5600000)
 Metaspace       used 13358K, capacity 13530K, committed 13824K, reserved 1060864K
  class space    used 1659K, capacity 1741K, committed 1792K, reserved 1048576K
Event: 3.556 GC heap after
Heap after GC invocations=5 (full 1):
 PSYoungGen      total 53248K, used 0K [0x00000000e0780000, 0x00000000e3f80000, 0x0000000100000000)
  eden space 49152K, 0% used [0x00000000e0780000,0x00000000e0780000,0x00000000e3780000)
  from space 4096K, 0% used [0x00000000e3b80000,0x00000000e3b80000,0x00000000e3f80000)
  to   space 4096K, 0% used [0x00000000e3780000,0x00000000e3780000,0x00000000e3b80000)
 ParOldGen       total 84992K, used 39422K [0x00000000a1600000, 0x00000000a6900000, 0x00000000e0780000)
  object space 84992K, 46% used [0x00000000a1600000,0x00000000a3c7fb88,0x00000000a6900000)
 Metaspace       used 13358K, capacity 13530K, committed 13824K, reserved 1060864K
  class space    used 1659K, capacity 1741K, committed 1792K, reserved 1048576K
}
Event: 3.734 GC heap before
{Heap before GC invocations=6 (full 1):
 PSYoungGen      total 53248K, used 49152K [0x00000000e0780000, 0x00000000e3f80000, 0x0000000100000000)
  eden space 49152K, 100% used [0x00000000e0780000,0x00000000e3780000,0x00000000e3780000)
  from space 4096K, 0% used [0x00000000e3b80000,0x00000000e3b80000,0x00000000e3f80000)
  to   space 4096K, 0% used [0x00000000e3780000,0x00000000e3780000,0x00000000e3b80000)
 ParOldGen       total 84992K, used 39422K [0x00000000a1600000, 0x00000000a6900000, 0x00000000e0780000)
  object space 84992K, 46% used [0x00000000a1600000,0x00000000a3c7fb88,0x00000000a6900000)
 Metaspace       used 13432K, capacity 13594K, committed 13824K, reserved 1060864K
  class space    used 1661K, capacity 1741K, committed 1792K, reserved 1048576K
Event: 3.737 GC heap after
Heap after GC invocations=6 (full 1):
 PSYoungGen      total 53248K, used 4017K [0x00000000e0780000, 0x00000000e8d00000, 0x0000000100000000)
  eden space 49152K, 0% used [0x00000000e0780000,0x00000000e0780000,0x00000000e3780000)
  from space 4096K, 98% used [0x00000000e3780000,0x00000000e3b6c4d0,0x00000000e3b80000)
  to   space 23040K, 0% used [0x00000000e7680000,0x00000000e7680000,0x00000000e8d00000)
 ParOldGen       total 84992K, used 44775K [0x00000000a1600000, 0x00000000a6900000, 0x00000000e0780000)
  object space 84992K, 52% used [0x00000000a1600000,0x00000000a41b9cc0,0x00000000a6900000)
 Metaspace       used 13432K, capacity 13594K, committed 13824K, reserved 1060864K
  class space    used 1661K, capacity 1741K, committed 1792K, reserved 1048576K
}

Deoptimization events (7 events):
Event: 0.231 Thread 0x000000000222e000 Uncommon trap: reason=null_check action=make_not_entrant pc=0x00000000025cfab8 method=java.lang.String.equals(Ljava/lang/Object;)Z @ 8
Event: 0.446 Thread 0x000000000222e000 Uncommon trap: reason=unstable_if action=reinterpret pc=0x0000000002628f80 method=sun.awt.image.ByteInterleavedRaster.putByteData(IIII[B)V @ 395
Event: 3.424 Thread 0x0000000019116800 Uncommon trap: reason=unstable_if action=reinterpret pc=0x00000000027bfa54 method=java.util.regex.Pattern$CharProperty.match(Ljava/util/regex/Matcher;ILjava/lang/CharSequence;)Z @ 5
Event: 3.438 Thread 0x0000000019116800 Uncommon trap: reason=unstable_if action=reinterpret pc=0x000000000277eb88 method=sun.net.www.ParseUtil.encodePath(Ljava/lang/String;Z)Ljava/lang/String; @ 109
Event: 3.484 Thread 0x0000000019116800 Uncommon trap: reason=unstable_if action=reinterpret pc=0x00000000027f5378 method=org.xmlpull.mxp1.MXParser.more()C @ 8
Event: 3.521 Thread 0x0000000019116800 Uncommon trap: reason=unstable_if action=reinterpret pc=0x000000000280c064 method=java.io.StringReader.read()I @ 19
Event: 3.521 Thread 0x0000000019116800 Uncommon trap: reason=unstable_if action=reinterpret pc=0x000000000280b0fc method=java.io.StringReader.read()I @ 19

Internal exceptions (10 events):
Event: 0.137 Thread 0x000000000222e000 Exception <a 'java/security/PrivilegedActionException'> (0x00000000e08b1060) thrown at [C:\re\workspace\8-2-build-windows-amd64-cygwin\jdk8u121\8372\hotspot\src\share\vm\prims\jvm.cpp, line 1390]
Event: 0.137 Thread 0x000000000222e000 Exception <a 'java/security/PrivilegedActionException'> (0x00000000e08b4eb8) thrown at [C:\re\workspace\8-2-build-windows-amd64-cygwin\jdk8u121\8372\hotspot\src\share\vm\prims\jvm.cpp, line 1390]
Event: 0.137 Thread 0x000000000222e000 Exception <a 'java/security/PrivilegedActionException'> (0x00000000e08b50c8) thrown at [C:\re\workspace\8-2-build-windows-amd64-cygwin\jdk8u121\8372\hotspot\src\share\vm\prims\jvm.cpp, line 1390]
Event: 0.142 Thread 0x000000000222e000 Exception <a 'java/io/FileNotFoundException'> (0x00000000e08b7760) thrown at [C:\re\workspace\8-2-build-windows-amd64-cygwin\jdk8u121\8372\hotspot\src\share\vm\prims\jni.cpp, line 709]
Event: 0.176 Thread 0x000000000222e000 Exception <a 'java/lang/NoSuchFieldError': method resolution failed> (0x00000000e0984e28) thrown at [C:\re\workspace\8-2-build-windows-amd64-cygwin\jdk8u121\8372\hotspot\src\share\vm\prims\methodHandles.cpp, line 1146]
Event: 0.177 Thread 0x000000000222e000 Exception <a 'java/lang/NoSuchFieldError': method resolution failed> (0x00000000e09921f8) thrown at [C:\re\workspace\8-2-build-windows-amd64-cygwin\jdk8u121\8372\hotspot\src\share\vm\prims\methodHandles.cpp, line 1146]
Event: 0.231 Thread 0x000000000222e000 Implicit null exception at 0x00000000025cf8e2 to 0x00000000025cfaa9
Event: 0.238 Thread 0x000000000222e000 Exception <a 'java/io/FileNotFoundException'> (0x00000000e0af0020) thrown at [C:\re\workspace\8-2-build-windows-amd64-cygwin\jdk8u121\8372\hotspot\src\share\vm\prims\jni.cpp, line 709]
Event: 0.408 Thread 0x000000000222e000 Exception <a 'sun/nio/fs/WindowsException'> (0x00000000e1278428) thrown at [C:\re\workspace\8-2-build-windows-amd64-cygwin\jdk8u121\8372\hotspot\src\share\vm\prims\jni.cpp, line 709]
Event: 0.412 Thread 0x000000000222e000 Exception <a 'sun/nio/fs/WindowsException'> (0x00000000e127fb78) thrown at [C:\re\workspace\8-2-build-windows-amd64-cygwin\jdk8u121\8372\hotspot\src\share\vm\prims\jni.cpp, line 709]

Events (10 events):
Event: 3.564 Thread 0x0000000019116800 DEOPT PACKING pc=0x00000000027f8311 sp=0x000000001a27a8e0
Event: 3.564 Thread 0x0000000019116800 DEOPT UNPACKING pc=0x00000000024a787f sp=0x000000001a27a6b0 mode 0
Event: 3.566 Thread 0x0000000019116800 DEOPT PACKING pc=0x00000000028086be sp=0x000000001a27aa80
Event: 3.566 Thread 0x0000000019116800 DEOPT UNPACKING pc=0x00000000024a787f sp=0x000000001a27a870 mode 0
Event: 3.685 loading class com/thoughtworks/xstream/mapper/Mapper$ImplicitCollectionMapping
Event: 3.685 loading class com/thoughtworks/xstream/mapper/Mapper$ImplicitCollectionMapping done
Event: 3.734 Executing VM operation: ParallelGCFailedAllocation
Event: 3.737 Executing VM operation: ParallelGCFailedAllocation done
Event: 3.752 Thread 0x0000000019116800 DEOPT PACKING pc=0x0000000002704c64 sp=0x000000001a27ef30
Event: 3.752 Thread 0x0000000019116800 DEOPT UNPACKING pc=0x00000000024a787f sp=0x000000001a27ecc8 mode 0


Dynamic libraries:
0x00007ff78e180000 - 0x00007ff78e1b7000 	C:\Program Files\Java\jre1.8.0_121\bin\javaw.exe
0x00007ffd696a0000 - 0x00007ffd69871000 	C:\Windows\SYSTEM32\ntdll.dll
0x00007ffd67280000 - 0x00007ffd6732b000 	C:\Windows\System32\KERNEL32.DLL
0x00007ffd66270000 - 0x00007ffd6648d000 	C:\Windows\System32\KERNELBASE.dll
0x00007ffd66ca0000 - 0x00007ffd66d42000 	C:\Windows\System32\ADVAPI32.dll
0x00007ffd673a0000 - 0x00007ffd6743e000 	C:\Windows\System32\msvcrt.dll
0x00007ffd66c40000 - 0x00007ffd66c99000 	C:\Windows\System32\sechost.dll
0x00007ffd68de0000 - 0x00007ffd68f01000 	C:\Windows\System32\RPCRT4.dll
0x00007ffd694b0000 - 0x00007ffd69615000 	C:\Windows\System32\USER32.dll
0x00007ffd65b70000 - 0x00007ffd65b8e000 	C:\Windows\System32\win32u.dll
0x00007ffd67440000 - 0x00007ffd67474000 	C:\Windows\System32\GDI32.dll
0x00007ffd66560000 - 0x00007ffd666e2000 	C:\Windows\System32\gdi32full.dll
0x00007ffd64190000 - 0x00007ffd64409000 	C:\Windows\WinSxS\amd64_microsoft.windows.common-controls_6595b64144ccf1df_6.0.14393.447_none_42191651c6827bb3\COMCTL32.dll
0x00007ffd66fb0000 - 0x00007ffd67278000 	C:\Windows\System32\combase.dll
0x00007ffd66a10000 - 0x00007ffd66b05000 	C:\Windows\System32\ucrtbase.dll
0x00007ffd664f0000 - 0x00007ffd6655a000 	C:\Windows\System32\bcryptPrimitives.dll
0x00007ffd66c10000 - 0x00007ffd66c3e000 	C:\Windows\System32\IMM32.DLL
0x00007ffd56790000 - 0x00007ffd567c1800 	C:\Windows\system32\DriverStore\FileRepository\nvdmi.inf_amd64_fd06216336fcf4a2\nvinitx.dll
0x00007ffd646a0000 - 0x00007ffd646aa000 	C:\Windows\SYSTEM32\VERSION.dll
0x00007ffd678d0000 - 0x00007ffd68dd9000 	C:\Windows\System32\Shell32.dll
0x00007ffd66b10000 - 0x00007ffd66b52000 	C:\Windows\System32\cfgmgr32.dll
0x00007ffd65b90000 - 0x00007ffd6626a000 	C:\Windows\System32\windows.storage.dll
0x00007ffd65ae0000 - 0x00007ffd65b2c000 	C:\Windows\System32\powrprof.dll
0x00007ffd68f10000 - 0x00007ffd68f62000 	C:\Windows\System32\shlwapi.dll
0x00007ffd65b60000 - 0x00007ffd65b6f000 	C:\Windows\System32\kernel.appcore.dll
0x00007ffd668c0000 - 0x00007ffd66969000 	C:\Windows\System32\shcore.dll
0x00007ffd65b30000 - 0x00007ffd65b44000 	C:\Windows\System32\profapi.dll
0x00000000746b0000 - 0x00000000746b6000 	C:\Program Files\NVIDIA Corporation\CoProcManager\_etoured.dll
0x00007ffd56740000 - 0x00007ffd56780800 	C:\Program Files\NVIDIA Corporation\CoProcManager\nvd3d9wrapx.dll
0x00007ffd67490000 - 0x00007ffd678b9000 	C:\Windows\System32\SETUPAPI.dll
0x00007ffd56710000 - 0x00007ffd5673a000 	C:\Program Files\NVIDIA Corporation\CoProcManager\nvdxgiwrapx.dll
0x00000000744d0000 - 0x00000000745a2000 	C:\Program Files\Java\jre1.8.0_121\bin\msvcr100.dll
0x0000000072220000 - 0x0000000072abb000 	C:\Program Files\Java\jre1.8.0_121\bin\server\jvm.dll
0x00007ffd67480000 - 0x00007ffd67488000 	C:\Windows\System32\PSAPI.DLL
0x00007ffd640a0000 - 0x00007ffd640a9000 	C:\Windows\SYSTEM32\WSOCK32.dll
0x00007ffd63540000 - 0x00007ffd63563000 	C:\Windows\SYSTEM32\WINMM.dll
0x00007ffd69620000 - 0x00007ffd6968a000 	C:\Windows\System32\WS2_32.dll
0x00000000021d0000 - 0x00000000021fb000 	C:\Windows\SYSTEM32\WINMMBASE.dll
0x00000000747d0000 - 0x00000000747df000 	C:\Program Files\Java\jre1.8.0_121\bin\verify.dll
0x00000000747a0000 - 0x00000000747c9000 	C:\Program Files\Java\jre1.8.0_121\bin\java.dll
0x0000000074780000 - 0x0000000074796000 	C:\Program Files\Java\jre1.8.0_121\bin\zip.dll
0x0000000071a60000 - 0x0000000071bf8000 	C:\Program Files\Java\jre1.8.0_121\bin\awt.dll
0x00007ffd69230000 - 0x00007ffd692ef000 	C:\Windows\System32\OLEAUT32.dll
0x00007ffd66970000 - 0x00007ffd66a0c000 	C:\Windows\System32\msvcp_win.dll
0x00007ffd63090000 - 0x00007ffd6310a000 	C:\Windows\SYSTEM32\apphelp.dll
0x00007ffd63850000 - 0x00007ffd638e5000 	C:\Windows\system32\uxtheme.dll
0x00007ffd66e50000 - 0x00007ffd66fab000 	C:\Windows\System32\MSCTF.dll
0x00007ffd632b0000 - 0x00007ffd632d6000 	C:\Windows\system32\dwmapi.dll
0x00007ffd69370000 - 0x00007ffd694a7000 	C:\Windows\System32\ole32.dll
0x0000000074480000 - 0x00000000744c7000 	C:\Program Files\Java\jre1.8.0_121\bin\fontmanager.dll
0x00007ffd51c60000 - 0x00007ffd51d83000 	C:\Windows\system32\opengl32.dll
0x00007ffd58ea0000 - 0x00007ffd58ecd000 	C:\Windows\SYSTEM32\GLU32.dll
0x00007ffd56880000 - 0x00007ffd56977000 	C:\Windows\SYSTEM32\DDRAW.dll
0x00007ffd5ddc0000 - 0x00007ffd5ddc8000 	C:\Windows\SYSTEM32\DCIMAN32.dll
0x0000000074760000 - 0x000000007477a000 	C:\Program Files\Java\jre1.8.0_121\bin\net.dll
0x00007ffd65110000 - 0x00007ffd6516c000 	C:\Windows\system32\mswsock.dll
0x0000000074740000 - 0x0000000074751000 	C:\Program Files\Java\jre1.8.0_121\bin\nio.dll
0x0000000074430000 - 0x0000000074472000 	C:\Program Files\Java\jre1.8.0_121\bin\t2k.dll
0x00007ffd64bf0000 - 0x00007ffd64c22000 	C:\Windows\SYSTEM32\ntmarta.dll
0x00000000746c0000 - 0x00000000746f1000 	C:\Program Files\Java\jre1.8.0_121\bin\jpeg.dll
0x00007ffd66d50000 - 0x00007ffd66def000 	C:\Windows\System32\clbcatq.dll
0x00007ffd602c0000 - 0x00007ffd60468000 	C:\Windows\SYSTEM32\WindowsCodecs.dll
0x00007ffd4fe80000 - 0x00007ffd4fec9000 	C:\Windows\system32\dataexchange.dll
0x00007ffd605a0000 - 0x00007ffd60856000 	C:\Windows\system32\d3d11.dll
0x00007ffd62ad0000 - 0x00007ffd62c21000 	C:\Windows\system32\dcomp.dll
0x00007ffd64740000 - 0x00007ffd647df000 	C:\Windows\system32\dxgi.dll
0x00007ffd63ac0000 - 0x00007ffd63bdc000 	C:\Windows\system32\twinapi.appcore.dll
0x00007ffd656f0000 - 0x00007ffd6571b000 	C:\Windows\system32\bcrypt.dll
0x00007ffd65740000 - 0x00007ffd658d2000 	C:\Windows\SYSTEM32\dbghelp.dll

VM Arguments:
jvm_args: -Dfile.encoding=Cp1256 
java_command: controller.Time
java_class_path (initial): C:\Users\DELL\git\circusgame\CircusOfPlates\bin;C:\Users\DELL\git\circusgame\CircusOfPlates\GameData;C:\Users\DELL\git\circusgame\CircusOfPlates\logs;C:\Users\DELL\git\circusgame\CircusOfPlates\properties;C:\Users\DELL\git\circusgame\CircusOfPlates\gson-2.3.1.jar;C:\Users\DELL\git\circusgame\CircusOfPlates\log4j-api-2.6.2.jar;C:\Users\DELL\git\circusgame\CircusOfPlates\log4j-core-2.6.2.jar;C:\Users\DELL\git\circusgame\CircusOfPlates\img;C:\Users\DELL\git\circusgame\CircusOfPlates\coloredImages;C:\Users\DELL\git\circusgame\CircusOfPlates\jars\jackson-annotations-2.8.0.jar;C:\Users\DELL\git\circusgame\CircusOfPlates\jars\jackson-core-2.8.1.jar;C:\Users\DELL\git\circusgame\CircusOfPlates\jars\jackson-databind-2.8.1.jar;C:\Users\DELL\git\circusgame\CircusOfPlates\xmlpull-1.1.3.1.jar;C:\Users\DELL\git\circusgame\CircusOfPlates\xpp3_min-1.1.4c.jar;C:\Users\DELL\git\circusgame\CircusOfPlates\xstream-1.4.9.jar
Launcher Type: SUN_STANDARD

Environment Variables:
CLASSPATH=.;C:\Program Files (x86)\Java\jre6\lib\ext\QTJava.zip
PATH=C:/Program Files/Java/jre1.8.0_121/bin/server;C:/Program Files/Java/jre1.8.0_121/bin;C:/Program Files/Java/jre1.8.0_121/lib/amd64;C:\Xilinx\10.1\ISE\bin\nt;C:\Xilinx\10.1\ISE\lib\nt;C:\Xilinx\10.1\ISE\smartmodel\nt\installed_nt\lib\pcnt.lib;C:\ProgramData\Oracle\Java\javapath;C:\Program Files\Common Files\Microsoft Shared\Windows Live;C:\Program Files (x86)\Common Files\Microsoft Shared\Windows Live;C:\windows\system32;C:\windows;C:\windows\System32\Wbem;c:\Program Files (x86)\Common Files\Roxio Shared\OEM\DLLShared\;c:\Program Files (x86)\Common Files\Roxio Shared\OEM\12.0\DLLShared\;c:\Program Files (x86)\Roxio\OEM\AudioCore\;C:\Program Files (x86)\Windows Live\Shared;C:\windows\System32\WindowsPowerShell\v1.0\;C:\Program Files (x86)\QuickTime\QTSystem\;C:\Program Files (x86)\Intel\OpenCL SDK\2.0\bin\x86;C:\Program Files (x86)\Intel\OpenCL SDK\2.0\bin\x64;C:\Program Files (x86)\NVIDIA Corporation\PhysX\Common;C:\Program Files (x86)\Skype\Phone\;C:\WINDOWS\system32;C:\WINDOWS;C:\WINDOWS\System32\Wbem;C:\WINDOWS\System32\WindowsPowerShell\v1.0\;C:\Program Files (x86)\Common Files\lenovo\easyplussdk\bin;C:\Windows\system32;C:\Windows;C:\Windows\System32\Wbem;C:\Windows\System32\WindowsPowerShell\v1.0\;C:\Program Files\MATLAB\R2013a\runtime\win64;C:\Program Files\MATLAB\R2013a\bin;C:\Program Files\nodejs\;C:\Program Files (x86)\MySQL\MySQL Fabric 1.5 & MySQL Utilities 1.5\;C:\Program Files (x86)\MySQL\MySQL Fabric 1.5 & MySQL Utilities 1.5\Doctrine extensions for PHP\;C:\Program Files (x86)\OpenVPN\bin;C:\Program Files (x86)\Google\google_appengine\;C:\Users\DELL\AppData\Roaming\npm;%USERPROFILE%\AppData\Local\Microsoft\WindowsApps;;C:\Users\DELL\Desktop\Main\eclipse;
USERNAME=DELL
OS=Windows_NT
PROCESSOR_IDENTIFIER=Intel64 Family 6 Model 42 Stepping 7, GenuineIntel



---------------  S Y S T E M  ---------------

OS: Windows 10.0 , 64 bit Build 14393 (10.0.14393.0)

CPU:total 8 (4 cores per cpu, 2 threads per core) family 6 model 42 stepping 7, cmov, cx8, fxsr, mmx, sse, sse2, sse3, ssse3, sse4.1, sse4.2, popcnt, avx, aes, clmul, ht, tsc, tscinvbit

Memory: 4k page, physical 6196396k(1773076k free), swap 12487852k(5376904k free)

vm_info: Java HotSpot(TM) 64-Bit Server VM (25.121-b13) for windows-amd64 JRE (1.8.0_121-b13), built on Dec 12 2016 18:21:36 by "java_re" with MS VC++ 10.0 (VS2010)

time: Thu Jan 26 05:44:25 2017
elapsed time: 3 seconds (0d 0h 0m 3s)

